ARM GAS  C:\Users\kotaro\AppData\Local\Temp\ccx1Uck0.s 			page 1


   1              		.cpu cortex-m4
   2              		.eabi_attribute 27, 1
   3              		.eabi_attribute 28, 1
   4              		.eabi_attribute 20, 1
   5              		.eabi_attribute 21, 1
   6              		.eabi_attribute 23, 3
   7              		.eabi_attribute 24, 1
   8              		.eabi_attribute 25, 1
   9              		.eabi_attribute 26, 1
  10              		.eabi_attribute 30, 1
  11              		.eabi_attribute 34, 1
  12              		.eabi_attribute 18, 4
  13              		.file	"adc.c"
  14              		.text
  15              	.Ltext0:
  16              		.cfi_sections	.debug_frame
  17              		.section	.text.MX_ADC1_Init,"ax",%progbits
  18              		.align	1
  19              		.global	MX_ADC1_Init
  20              		.syntax unified
  21              		.thumb
  22              		.thumb_func
  23              		.fpu fpv4-sp-d16
  25              	MX_ADC1_Init:
  26              	.LFB126:
  27              		.file 1 "Src/adc.c"
   1:Src/adc.c     **** /**
   2:Src/adc.c     ****   ******************************************************************************
   3:Src/adc.c     ****   * File Name          : ADC.c
   4:Src/adc.c     ****   * Description        : This file provides code for the configuration
   5:Src/adc.c     ****   *                      of the ADC instances.
   6:Src/adc.c     ****   ******************************************************************************
   7:Src/adc.c     ****   ** This notice applies to any and all portions of this file
   8:Src/adc.c     ****   * that are not between comment pairs USER CODE BEGIN and
   9:Src/adc.c     ****   * USER CODE END. Other portions of this file, whether 
  10:Src/adc.c     ****   * inserted by the user or by software development tools
  11:Src/adc.c     ****   * are owned by their respective copyright owners.
  12:Src/adc.c     ****   *
  13:Src/adc.c     ****   * COPYRIGHT(c) 2018 STMicroelectronics
  14:Src/adc.c     ****   *
  15:Src/adc.c     ****   * Redistribution and use in source and binary forms, with or without modification,
  16:Src/adc.c     ****   * are permitted provided that the following conditions are met:
  17:Src/adc.c     ****   *   1. Redistributions of source code must retain the above copyright notice,
  18:Src/adc.c     ****   *      this list of conditions and the following disclaimer.
  19:Src/adc.c     ****   *   2. Redistributions in binary form must reproduce the above copyright notice,
  20:Src/adc.c     ****   *      this list of conditions and the following disclaimer in the documentation
  21:Src/adc.c     ****   *      and/or other materials provided with the distribution.
  22:Src/adc.c     ****   *   3. Neither the name of STMicroelectronics nor the names of its contributors
  23:Src/adc.c     ****   *      may be used to endorse or promote products derived from this software
  24:Src/adc.c     ****   *      without specific prior written permission.
  25:Src/adc.c     ****   *
  26:Src/adc.c     ****   * THIS SOFTWARE IS PROVIDED BY THE COPYRIGHT HOLDERS AND CONTRIBUTORS "AS IS"
  27:Src/adc.c     ****   * AND ANY EXPRESS OR IMPLIED WARRANTIES, INCLUDING, BUT NOT LIMITED TO, THE
  28:Src/adc.c     ****   * IMPLIED WARRANTIES OF MERCHANTABILITY AND FITNESS FOR A PARTICULAR PURPOSE ARE
  29:Src/adc.c     ****   * DISCLAIMED. IN NO EVENT SHALL THE COPYRIGHT HOLDER OR CONTRIBUTORS BE LIABLE
  30:Src/adc.c     ****   * FOR ANY DIRECT, INDIRECT, INCIDENTAL, SPECIAL, EXEMPLARY, OR CONSEQUENTIAL
  31:Src/adc.c     ****   * DAMAGES (INCLUDING, BUT NOT LIMITED TO, PROCUREMENT OF SUBSTITUTE GOODS OR
ARM GAS  C:\Users\kotaro\AppData\Local\Temp\ccx1Uck0.s 			page 2


  32:Src/adc.c     ****   * SERVICES; LOSS OF USE, DATA, OR PROFITS; OR BUSINESS INTERRUPTION) HOWEVER
  33:Src/adc.c     ****   * CAUSED AND ON ANY THEORY OF LIABILITY, WHETHER IN CONTRACT, STRICT LIABILITY,
  34:Src/adc.c     ****   * OR TORT (INCLUDING NEGLIGENCE OR OTHERWISE) ARISING IN ANY WAY OUT OF THE USE
  35:Src/adc.c     ****   * OF THIS SOFTWARE, EVEN IF ADVISED OF THE POSSIBILITY OF SUCH DAMAGE.
  36:Src/adc.c     ****   *
  37:Src/adc.c     ****   ******************************************************************************
  38:Src/adc.c     ****   */
  39:Src/adc.c     **** 
  40:Src/adc.c     **** /* Includes ------------------------------------------------------------------*/
  41:Src/adc.c     **** #include "adc.h"
  42:Src/adc.c     **** 
  43:Src/adc.c     **** #include "gpio.h"
  44:Src/adc.c     **** 
  45:Src/adc.c     **** /* USER CODE BEGIN 0 */
  46:Src/adc.c     **** 
  47:Src/adc.c     **** /* USER CODE END 0 */
  48:Src/adc.c     **** 
  49:Src/adc.c     **** ADC_HandleTypeDef hadc1;
  50:Src/adc.c     **** ADC_HandleTypeDef hadc2;
  51:Src/adc.c     **** ADC_HandleTypeDef hadc3;
  52:Src/adc.c     **** 
  53:Src/adc.c     **** /* ADC1 init function */
  54:Src/adc.c     **** void MX_ADC1_Init(void)
  55:Src/adc.c     **** {
  28              		.loc 1 55 0
  29              		.cfi_startproc
  30              		@ args = 0, pretend = 0, frame = 16
  31              		@ frame_needed = 0, uses_anonymous_args = 0
  32 0000 00B5     		push	{lr}
  33              	.LCFI0:
  34              		.cfi_def_cfa_offset 4
  35              		.cfi_offset 14, -4
  36 0002 85B0     		sub	sp, sp, #20
  37              	.LCFI1:
  38              		.cfi_def_cfa_offset 24
  56:Src/adc.c     ****   ADC_ChannelConfTypeDef sConfig;
  57:Src/adc.c     **** 
  58:Src/adc.c     ****     /**Configure the global features of the ADC (Clock, Resolution, Data Alignment and number of co
  59:Src/adc.c     ****     */
  60:Src/adc.c     ****   hadc1.Instance = ADC1;
  39              		.loc 1 60 0
  40 0004 1648     		ldr	r0, .L7
  41 0006 174B     		ldr	r3, .L7+4
  42 0008 0360     		str	r3, [r0]
  61:Src/adc.c     ****   hadc1.Init.ClockPrescaler = ADC_CLOCK_SYNC_PCLK_DIV4;
  43              		.loc 1 61 0
  44 000a 4FF48033 		mov	r3, #65536
  45 000e 4360     		str	r3, [r0, #4]
  62:Src/adc.c     ****   hadc1.Init.Resolution = ADC_RESOLUTION_12B;
  46              		.loc 1 62 0
  47 0010 0023     		movs	r3, #0
  48 0012 8360     		str	r3, [r0, #8]
  63:Src/adc.c     ****   hadc1.Init.ScanConvMode = DISABLE;
  49              		.loc 1 63 0
  50 0014 0361     		str	r3, [r0, #16]
  64:Src/adc.c     ****   hadc1.Init.ContinuousConvMode = DISABLE;
  51              		.loc 1 64 0
ARM GAS  C:\Users\kotaro\AppData\Local\Temp\ccx1Uck0.s 			page 3


  52 0016 8361     		str	r3, [r0, #24]
  65:Src/adc.c     ****   hadc1.Init.DiscontinuousConvMode = DISABLE;
  53              		.loc 1 65 0
  54 0018 0362     		str	r3, [r0, #32]
  66:Src/adc.c     ****   hadc1.Init.ExternalTrigConvEdge = ADC_EXTERNALTRIGCONVEDGE_NONE;
  55              		.loc 1 66 0
  56 001a C362     		str	r3, [r0, #44]
  67:Src/adc.c     ****   hadc1.Init.ExternalTrigConv = ADC_SOFTWARE_START;
  57              		.loc 1 67 0
  58 001c 124A     		ldr	r2, .L7+8
  59 001e 8262     		str	r2, [r0, #40]
  68:Src/adc.c     ****   hadc1.Init.DataAlign = ADC_DATAALIGN_RIGHT;
  60              		.loc 1 68 0
  61 0020 C360     		str	r3, [r0, #12]
  69:Src/adc.c     ****   hadc1.Init.NbrOfConversion = 1;
  62              		.loc 1 69 0
  63 0022 0122     		movs	r2, #1
  64 0024 C261     		str	r2, [r0, #28]
  70:Src/adc.c     ****   hadc1.Init.DMAContinuousRequests = DISABLE;
  65              		.loc 1 70 0
  66 0026 0363     		str	r3, [r0, #48]
  71:Src/adc.c     ****   hadc1.Init.EOCSelection = ADC_EOC_SINGLE_CONV;
  67              		.loc 1 71 0
  68 0028 4261     		str	r2, [r0, #20]
  72:Src/adc.c     ****   if (HAL_ADC_Init(&hadc1) != HAL_OK)
  69              		.loc 1 72 0
  70 002a FFF7FEFF 		bl	HAL_ADC_Init
  71              	.LVL0:
  72 002e 68B9     		cbnz	r0, .L5
  73              	.L2:
  73:Src/adc.c     ****   {
  74:Src/adc.c     ****     _Error_Handler(__FILE__, __LINE__);
  75:Src/adc.c     ****   }
  76:Src/adc.c     **** 
  77:Src/adc.c     ****     /**Configure for the selected ADC regular channel its corresponding rank in the sequencer and i
  78:Src/adc.c     ****     */
  79:Src/adc.c     ****   sConfig.Channel = ADC_CHANNEL_4;
  74              		.loc 1 79 0
  75 0030 0423     		movs	r3, #4
  76 0032 0093     		str	r3, [sp]
  80:Src/adc.c     ****   sConfig.Rank = 1;
  77              		.loc 1 80 0
  78 0034 0123     		movs	r3, #1
  79 0036 0193     		str	r3, [sp, #4]
  81:Src/adc.c     ****   sConfig.SamplingTime = ADC_SAMPLETIME_56CYCLES;
  80              		.loc 1 81 0
  81 0038 0323     		movs	r3, #3
  82 003a 0293     		str	r3, [sp, #8]
  82:Src/adc.c     ****   if (HAL_ADC_ConfigChannel(&hadc1, &sConfig) != HAL_OK)
  83              		.loc 1 82 0
  84 003c 6946     		mov	r1, sp
  85 003e 0848     		ldr	r0, .L7
  86 0040 FFF7FEFF 		bl	HAL_ADC_ConfigChannel
  87              	.LVL1:
  88 0044 38B9     		cbnz	r0, .L6
  89              	.L1:
  83:Src/adc.c     ****   {
ARM GAS  C:\Users\kotaro\AppData\Local\Temp\ccx1Uck0.s 			page 4


  84:Src/adc.c     ****     _Error_Handler(__FILE__, __LINE__);
  85:Src/adc.c     ****   }
  86:Src/adc.c     **** 
  87:Src/adc.c     **** }
  90              		.loc 1 87 0
  91 0046 05B0     		add	sp, sp, #20
  92              	.LCFI2:
  93              		.cfi_remember_state
  94              		.cfi_def_cfa_offset 4
  95              		@ sp needed
  96 0048 5DF804FB 		ldr	pc, [sp], #4
  97              	.L5:
  98              	.LCFI3:
  99              		.cfi_restore_state
  74:Src/adc.c     ****   }
 100              		.loc 1 74 0
 101 004c 4A21     		movs	r1, #74
 102 004e 0748     		ldr	r0, .L7+12
 103 0050 FFF7FEFF 		bl	_Error_Handler
 104              	.LVL2:
 105 0054 ECE7     		b	.L2
 106              	.L6:
  84:Src/adc.c     ****   }
 107              		.loc 1 84 0
 108 0056 5421     		movs	r1, #84
 109 0058 0448     		ldr	r0, .L7+12
 110 005a FFF7FEFF 		bl	_Error_Handler
 111              	.LVL3:
 112              		.loc 1 87 0
 113 005e F2E7     		b	.L1
 114              	.L8:
 115              		.align	2
 116              	.L7:
 117 0060 00000000 		.word	hadc1
 118 0064 00200140 		.word	1073815552
 119 0068 0100000F 		.word	251658241
 120 006c 00000000 		.word	.LC0
 121              		.cfi_endproc
 122              	.LFE126:
 124              		.section	.text.MX_ADC2_Init,"ax",%progbits
 125              		.align	1
 126              		.global	MX_ADC2_Init
 127              		.syntax unified
 128              		.thumb
 129              		.thumb_func
 130              		.fpu fpv4-sp-d16
 132              	MX_ADC2_Init:
 133              	.LFB127:
  88:Src/adc.c     **** /* ADC2 init function */
  89:Src/adc.c     **** void MX_ADC2_Init(void)
  90:Src/adc.c     **** {
 134              		.loc 1 90 0
 135              		.cfi_startproc
 136              		@ args = 0, pretend = 0, frame = 16
 137              		@ frame_needed = 0, uses_anonymous_args = 0
 138 0000 00B5     		push	{lr}
 139              	.LCFI4:
ARM GAS  C:\Users\kotaro\AppData\Local\Temp\ccx1Uck0.s 			page 5


 140              		.cfi_def_cfa_offset 4
 141              		.cfi_offset 14, -4
 142 0002 85B0     		sub	sp, sp, #20
 143              	.LCFI5:
 144              		.cfi_def_cfa_offset 24
  91:Src/adc.c     ****   ADC_ChannelConfTypeDef sConfig;
  92:Src/adc.c     **** 
  93:Src/adc.c     ****     /**Configure the global features of the ADC (Clock, Resolution, Data Alignment and number of co
  94:Src/adc.c     ****     */
  95:Src/adc.c     ****   hadc2.Instance = ADC2;
 145              		.loc 1 95 0
 146 0004 1648     		ldr	r0, .L15
 147 0006 174B     		ldr	r3, .L15+4
 148 0008 0360     		str	r3, [r0]
  96:Src/adc.c     ****   hadc2.Init.ClockPrescaler = ADC_CLOCK_SYNC_PCLK_DIV4;
 149              		.loc 1 96 0
 150 000a 4FF48033 		mov	r3, #65536
 151 000e 4360     		str	r3, [r0, #4]
  97:Src/adc.c     ****   hadc2.Init.Resolution = ADC_RESOLUTION_12B;
 152              		.loc 1 97 0
 153 0010 0023     		movs	r3, #0
 154 0012 8360     		str	r3, [r0, #8]
  98:Src/adc.c     ****   hadc2.Init.ScanConvMode = DISABLE;
 155              		.loc 1 98 0
 156 0014 0361     		str	r3, [r0, #16]
  99:Src/adc.c     ****   hadc2.Init.ContinuousConvMode = DISABLE;
 157              		.loc 1 99 0
 158 0016 8361     		str	r3, [r0, #24]
 100:Src/adc.c     ****   hadc2.Init.DiscontinuousConvMode = DISABLE;
 159              		.loc 1 100 0
 160 0018 0362     		str	r3, [r0, #32]
 101:Src/adc.c     ****   hadc2.Init.ExternalTrigConvEdge = ADC_EXTERNALTRIGCONVEDGE_NONE;
 161              		.loc 1 101 0
 162 001a C362     		str	r3, [r0, #44]
 102:Src/adc.c     ****   hadc2.Init.ExternalTrigConv = ADC_SOFTWARE_START;
 163              		.loc 1 102 0
 164 001c 124A     		ldr	r2, .L15+8
 165 001e 8262     		str	r2, [r0, #40]
 103:Src/adc.c     ****   hadc2.Init.DataAlign = ADC_DATAALIGN_RIGHT;
 166              		.loc 1 103 0
 167 0020 C360     		str	r3, [r0, #12]
 104:Src/adc.c     ****   hadc2.Init.NbrOfConversion = 1;
 168              		.loc 1 104 0
 169 0022 0122     		movs	r2, #1
 170 0024 C261     		str	r2, [r0, #28]
 105:Src/adc.c     ****   hadc2.Init.DMAContinuousRequests = DISABLE;
 171              		.loc 1 105 0
 172 0026 0363     		str	r3, [r0, #48]
 106:Src/adc.c     ****   hadc2.Init.EOCSelection = ADC_EOC_SINGLE_CONV;
 173              		.loc 1 106 0
 174 0028 4261     		str	r2, [r0, #20]
 107:Src/adc.c     ****   if (HAL_ADC_Init(&hadc2) != HAL_OK)
 175              		.loc 1 107 0
 176 002a FFF7FEFF 		bl	HAL_ADC_Init
 177              	.LVL4:
 178 002e 60B9     		cbnz	r0, .L13
 179              	.L10:
ARM GAS  C:\Users\kotaro\AppData\Local\Temp\ccx1Uck0.s 			page 6


 108:Src/adc.c     ****   {
 109:Src/adc.c     ****     _Error_Handler(__FILE__, __LINE__);
 110:Src/adc.c     ****   }
 111:Src/adc.c     **** 
 112:Src/adc.c     ****     /**Configure for the selected ADC regular channel its corresponding rank in the sequencer and i
 113:Src/adc.c     ****     */
 114:Src/adc.c     ****   sConfig.Channel = ADC_CHANNEL_0;
 180              		.loc 1 114 0
 181 0030 0023     		movs	r3, #0
 182 0032 0093     		str	r3, [sp]
 115:Src/adc.c     ****   sConfig.Rank = 1;
 183              		.loc 1 115 0
 184 0034 0122     		movs	r2, #1
 185 0036 0192     		str	r2, [sp, #4]
 116:Src/adc.c     ****   sConfig.SamplingTime = ADC_SAMPLETIME_3CYCLES;
 186              		.loc 1 116 0
 187 0038 0293     		str	r3, [sp, #8]
 117:Src/adc.c     ****   if (HAL_ADC_ConfigChannel(&hadc2, &sConfig) != HAL_OK)
 188              		.loc 1 117 0
 189 003a 6946     		mov	r1, sp
 190 003c 0848     		ldr	r0, .L15
 191 003e FFF7FEFF 		bl	HAL_ADC_ConfigChannel
 192              	.LVL5:
 193 0042 38B9     		cbnz	r0, .L14
 194              	.L9:
 118:Src/adc.c     ****   {
 119:Src/adc.c     ****     _Error_Handler(__FILE__, __LINE__);
 120:Src/adc.c     ****   }
 121:Src/adc.c     **** 
 122:Src/adc.c     **** }
 195              		.loc 1 122 0
 196 0044 05B0     		add	sp, sp, #20
 197              	.LCFI6:
 198              		.cfi_remember_state
 199              		.cfi_def_cfa_offset 4
 200              		@ sp needed
 201 0046 5DF804FB 		ldr	pc, [sp], #4
 202              	.L13:
 203              	.LCFI7:
 204              		.cfi_restore_state
 109:Src/adc.c     ****   }
 205              		.loc 1 109 0
 206 004a 6D21     		movs	r1, #109
 207 004c 0748     		ldr	r0, .L15+12
 208 004e FFF7FEFF 		bl	_Error_Handler
 209              	.LVL6:
 210 0052 EDE7     		b	.L10
 211              	.L14:
 119:Src/adc.c     ****   }
 212              		.loc 1 119 0
 213 0054 7721     		movs	r1, #119
 214 0056 0548     		ldr	r0, .L15+12
 215 0058 FFF7FEFF 		bl	_Error_Handler
 216              	.LVL7:
 217              		.loc 1 122 0
 218 005c F2E7     		b	.L9
 219              	.L16:
ARM GAS  C:\Users\kotaro\AppData\Local\Temp\ccx1Uck0.s 			page 7


 220 005e 00BF     		.align	2
 221              	.L15:
 222 0060 00000000 		.word	hadc2
 223 0064 00210140 		.word	1073815808
 224 0068 0100000F 		.word	251658241
 225 006c 00000000 		.word	.LC0
 226              		.cfi_endproc
 227              	.LFE127:
 229              		.section	.text.MX_ADC3_Init,"ax",%progbits
 230              		.align	1
 231              		.global	MX_ADC3_Init
 232              		.syntax unified
 233              		.thumb
 234              		.thumb_func
 235              		.fpu fpv4-sp-d16
 237              	MX_ADC3_Init:
 238              	.LFB128:
 123:Src/adc.c     **** /* ADC3 init function */
 124:Src/adc.c     **** void MX_ADC3_Init(void)
 125:Src/adc.c     **** {
 239              		.loc 1 125 0
 240              		.cfi_startproc
 241              		@ args = 0, pretend = 0, frame = 16
 242              		@ frame_needed = 0, uses_anonymous_args = 0
 243 0000 00B5     		push	{lr}
 244              	.LCFI8:
 245              		.cfi_def_cfa_offset 4
 246              		.cfi_offset 14, -4
 247 0002 85B0     		sub	sp, sp, #20
 248              	.LCFI9:
 249              		.cfi_def_cfa_offset 24
 126:Src/adc.c     ****   ADC_ChannelConfTypeDef sConfig;
 127:Src/adc.c     **** 
 128:Src/adc.c     ****     /**Configure the global features of the ADC (Clock, Resolution, Data Alignment and number of co
 129:Src/adc.c     ****     */
 130:Src/adc.c     ****   hadc3.Instance = ADC3;
 250              		.loc 1 130 0
 251 0004 1648     		ldr	r0, .L23
 252 0006 174B     		ldr	r3, .L23+4
 253 0008 0360     		str	r3, [r0]
 131:Src/adc.c     ****   hadc3.Init.ClockPrescaler = ADC_CLOCK_SYNC_PCLK_DIV4;
 254              		.loc 1 131 0
 255 000a 4FF48033 		mov	r3, #65536
 256 000e 4360     		str	r3, [r0, #4]
 132:Src/adc.c     ****   hadc3.Init.Resolution = ADC_RESOLUTION_12B;
 257              		.loc 1 132 0
 258 0010 0023     		movs	r3, #0
 259 0012 8360     		str	r3, [r0, #8]
 133:Src/adc.c     ****   hadc3.Init.ScanConvMode = DISABLE;
 260              		.loc 1 133 0
 261 0014 0361     		str	r3, [r0, #16]
 134:Src/adc.c     ****   hadc3.Init.ContinuousConvMode = DISABLE;
 262              		.loc 1 134 0
 263 0016 8361     		str	r3, [r0, #24]
 135:Src/adc.c     ****   hadc3.Init.DiscontinuousConvMode = DISABLE;
 264              		.loc 1 135 0
 265 0018 0362     		str	r3, [r0, #32]
ARM GAS  C:\Users\kotaro\AppData\Local\Temp\ccx1Uck0.s 			page 8


 136:Src/adc.c     ****   hadc3.Init.ExternalTrigConvEdge = ADC_EXTERNALTRIGCONVEDGE_NONE;
 266              		.loc 1 136 0
 267 001a C362     		str	r3, [r0, #44]
 137:Src/adc.c     ****   hadc3.Init.ExternalTrigConv = ADC_SOFTWARE_START;
 268              		.loc 1 137 0
 269 001c 124A     		ldr	r2, .L23+8
 270 001e 8262     		str	r2, [r0, #40]
 138:Src/adc.c     ****   hadc3.Init.DataAlign = ADC_DATAALIGN_RIGHT;
 271              		.loc 1 138 0
 272 0020 C360     		str	r3, [r0, #12]
 139:Src/adc.c     ****   hadc3.Init.NbrOfConversion = 1;
 273              		.loc 1 139 0
 274 0022 0122     		movs	r2, #1
 275 0024 C261     		str	r2, [r0, #28]
 140:Src/adc.c     ****   hadc3.Init.DMAContinuousRequests = DISABLE;
 276              		.loc 1 140 0
 277 0026 0363     		str	r3, [r0, #48]
 141:Src/adc.c     ****   hadc3.Init.EOCSelection = ADC_EOC_SINGLE_CONV;
 278              		.loc 1 141 0
 279 0028 4261     		str	r2, [r0, #20]
 142:Src/adc.c     ****   if (HAL_ADC_Init(&hadc3) != HAL_OK)
 280              		.loc 1 142 0
 281 002a FFF7FEFF 		bl	HAL_ADC_Init
 282              	.LVL8:
 283 002e 60B9     		cbnz	r0, .L21
 284              	.L18:
 143:Src/adc.c     ****   {
 144:Src/adc.c     ****     _Error_Handler(__FILE__, __LINE__);
 145:Src/adc.c     ****   }
 146:Src/adc.c     **** 
 147:Src/adc.c     ****     /**Configure for the selected ADC regular channel its corresponding rank in the sequencer and i
 148:Src/adc.c     ****     */
 149:Src/adc.c     ****   sConfig.Channel = ADC_CHANNEL_1;
 285              		.loc 1 149 0
 286 0030 0123     		movs	r3, #1
 287 0032 0093     		str	r3, [sp]
 150:Src/adc.c     ****   sConfig.Rank = 1;
 288              		.loc 1 150 0
 289 0034 0193     		str	r3, [sp, #4]
 151:Src/adc.c     ****   sConfig.SamplingTime = ADC_SAMPLETIME_3CYCLES;
 290              		.loc 1 151 0
 291 0036 0023     		movs	r3, #0
 292 0038 0293     		str	r3, [sp, #8]
 152:Src/adc.c     ****   if (HAL_ADC_ConfigChannel(&hadc3, &sConfig) != HAL_OK)
 293              		.loc 1 152 0
 294 003a 6946     		mov	r1, sp
 295 003c 0848     		ldr	r0, .L23
 296 003e FFF7FEFF 		bl	HAL_ADC_ConfigChannel
 297              	.LVL9:
 298 0042 38B9     		cbnz	r0, .L22
 299              	.L17:
 153:Src/adc.c     ****   {
 154:Src/adc.c     ****     _Error_Handler(__FILE__, __LINE__);
 155:Src/adc.c     ****   }
 156:Src/adc.c     **** 
 157:Src/adc.c     **** }
 300              		.loc 1 157 0
ARM GAS  C:\Users\kotaro\AppData\Local\Temp\ccx1Uck0.s 			page 9


 301 0044 05B0     		add	sp, sp, #20
 302              	.LCFI10:
 303              		.cfi_remember_state
 304              		.cfi_def_cfa_offset 4
 305              		@ sp needed
 306 0046 5DF804FB 		ldr	pc, [sp], #4
 307              	.L21:
 308              	.LCFI11:
 309              		.cfi_restore_state
 144:Src/adc.c     ****   }
 310              		.loc 1 144 0
 311 004a 9021     		movs	r1, #144
 312 004c 0748     		ldr	r0, .L23+12
 313 004e FFF7FEFF 		bl	_Error_Handler
 314              	.LVL10:
 315 0052 EDE7     		b	.L18
 316              	.L22:
 154:Src/adc.c     ****   }
 317              		.loc 1 154 0
 318 0054 9A21     		movs	r1, #154
 319 0056 0548     		ldr	r0, .L23+12
 320 0058 FFF7FEFF 		bl	_Error_Handler
 321              	.LVL11:
 322              		.loc 1 157 0
 323 005c F2E7     		b	.L17
 324              	.L24:
 325 005e 00BF     		.align	2
 326              	.L23:
 327 0060 00000000 		.word	hadc3
 328 0064 00220140 		.word	1073816064
 329 0068 0100000F 		.word	251658241
 330 006c 00000000 		.word	.LC0
 331              		.cfi_endproc
 332              	.LFE128:
 334              		.section	.text.HAL_ADC_MspInit,"ax",%progbits
 335              		.align	1
 336              		.global	HAL_ADC_MspInit
 337              		.syntax unified
 338              		.thumb
 339              		.thumb_func
 340              		.fpu fpv4-sp-d16
 342              	HAL_ADC_MspInit:
 343              	.LFB129:
 158:Src/adc.c     **** 
 159:Src/adc.c     **** void HAL_ADC_MspInit(ADC_HandleTypeDef* adcHandle)
 160:Src/adc.c     **** {
 344              		.loc 1 160 0
 345              		.cfi_startproc
 346              		@ args = 0, pretend = 0, frame = 32
 347              		@ frame_needed = 0, uses_anonymous_args = 0
 348              	.LVL12:
 349 0000 00B5     		push	{lr}
 350              	.LCFI12:
 351              		.cfi_def_cfa_offset 4
 352              		.cfi_offset 14, -4
 353 0002 89B0     		sub	sp, sp, #36
 354              	.LCFI13:
ARM GAS  C:\Users\kotaro\AppData\Local\Temp\ccx1Uck0.s 			page 10


 355              		.cfi_def_cfa_offset 40
 161:Src/adc.c     **** 
 162:Src/adc.c     ****   GPIO_InitTypeDef GPIO_InitStruct;
 163:Src/adc.c     ****   if(adcHandle->Instance==ADC1)
 356              		.loc 1 163 0
 357 0004 0368     		ldr	r3, [r0]
 358 0006 274A     		ldr	r2, .L33
 359 0008 9342     		cmp	r3, r2
 360 000a 08D0     		beq	.L30
 164:Src/adc.c     ****   {
 165:Src/adc.c     ****   /* USER CODE BEGIN ADC1_MspInit 0 */
 166:Src/adc.c     **** 
 167:Src/adc.c     ****   /* USER CODE END ADC1_MspInit 0 */
 168:Src/adc.c     ****     /* ADC1 clock enable */
 169:Src/adc.c     ****     __HAL_RCC_ADC1_CLK_ENABLE();
 170:Src/adc.c     ****   
 171:Src/adc.c     ****     /**ADC1 GPIO Configuration    
 172:Src/adc.c     ****     PA4     ------> ADC1_IN4 
 173:Src/adc.c     ****     */
 174:Src/adc.c     ****     GPIO_InitStruct.Pin = GPIO_PIN_4;
 175:Src/adc.c     ****     GPIO_InitStruct.Mode = GPIO_MODE_ANALOG;
 176:Src/adc.c     ****     GPIO_InitStruct.Pull = GPIO_NOPULL;
 177:Src/adc.c     ****     HAL_GPIO_Init(GPIOA, &GPIO_InitStruct);
 178:Src/adc.c     **** 
 179:Src/adc.c     ****   /* USER CODE BEGIN ADC1_MspInit 1 */
 180:Src/adc.c     **** 
 181:Src/adc.c     ****   /* USER CODE END ADC1_MspInit 1 */
 182:Src/adc.c     ****   }
 183:Src/adc.c     ****   else if(adcHandle->Instance==ADC2)
 361              		.loc 1 183 0
 362 000c 264A     		ldr	r2, .L33+4
 363 000e 9342     		cmp	r3, r2
 364 0010 1BD0     		beq	.L31
 184:Src/adc.c     ****   {
 185:Src/adc.c     ****   /* USER CODE BEGIN ADC2_MspInit 0 */
 186:Src/adc.c     **** 
 187:Src/adc.c     ****   /* USER CODE END ADC2_MspInit 0 */
 188:Src/adc.c     ****     /* ADC2 clock enable */
 189:Src/adc.c     ****     __HAL_RCC_ADC2_CLK_ENABLE();
 190:Src/adc.c     ****   
 191:Src/adc.c     ****     /**ADC2 GPIO Configuration    
 192:Src/adc.c     ****     PA0-WKUP     ------> ADC2_IN0
 193:Src/adc.c     ****     PA3     ------> ADC2_IN3 
 194:Src/adc.c     ****     */
 195:Src/adc.c     ****     GPIO_InitStruct.Pin = GPIO_PIN_0|GPIO_PIN_3;
 196:Src/adc.c     ****     GPIO_InitStruct.Mode = GPIO_MODE_ANALOG;
 197:Src/adc.c     ****     GPIO_InitStruct.Pull = GPIO_NOPULL;
 198:Src/adc.c     ****     HAL_GPIO_Init(GPIOA, &GPIO_InitStruct);
 199:Src/adc.c     **** 
 200:Src/adc.c     ****   /* USER CODE BEGIN ADC2_MspInit 1 */
 201:Src/adc.c     **** 
 202:Src/adc.c     ****   /* USER CODE END ADC2_MspInit 1 */
 203:Src/adc.c     ****   }
 204:Src/adc.c     ****   else if(adcHandle->Instance==ADC3)
 365              		.loc 1 204 0
 366 0012 264A     		ldr	r2, .L33+8
 367 0014 9342     		cmp	r3, r2
ARM GAS  C:\Users\kotaro\AppData\Local\Temp\ccx1Uck0.s 			page 11


 368 0016 2ED0     		beq	.L32
 369              	.LVL13:
 370              	.L25:
 205:Src/adc.c     ****   {
 206:Src/adc.c     ****   /* USER CODE BEGIN ADC3_MspInit 0 */
 207:Src/adc.c     **** 
 208:Src/adc.c     ****   /* USER CODE END ADC3_MspInit 0 */
 209:Src/adc.c     ****     /* ADC3 clock enable */
 210:Src/adc.c     ****     __HAL_RCC_ADC3_CLK_ENABLE();
 211:Src/adc.c     ****   
 212:Src/adc.c     ****     /**ADC3 GPIO Configuration    
 213:Src/adc.c     ****     PA1     ------> ADC3_IN1
 214:Src/adc.c     ****     PA2     ------> ADC3_IN2 
 215:Src/adc.c     ****     */
 216:Src/adc.c     ****     GPIO_InitStruct.Pin = GPIO_PIN_1|GPIO_PIN_2;
 217:Src/adc.c     ****     GPIO_InitStruct.Mode = GPIO_MODE_ANALOG;
 218:Src/adc.c     ****     GPIO_InitStruct.Pull = GPIO_NOPULL;
 219:Src/adc.c     ****     HAL_GPIO_Init(GPIOA, &GPIO_InitStruct);
 220:Src/adc.c     **** 
 221:Src/adc.c     ****   /* USER CODE BEGIN ADC3_MspInit 1 */
 222:Src/adc.c     **** 
 223:Src/adc.c     ****   /* USER CODE END ADC3_MspInit 1 */
 224:Src/adc.c     ****   }
 225:Src/adc.c     **** }
 371              		.loc 1 225 0
 372 0018 09B0     		add	sp, sp, #36
 373              	.LCFI14:
 374              		.cfi_remember_state
 375              		.cfi_def_cfa_offset 4
 376              		@ sp needed
 377 001a 5DF804FB 		ldr	pc, [sp], #4
 378              	.LVL14:
 379              	.L30:
 380              	.LCFI15:
 381              		.cfi_restore_state
 382              	.LBB2:
 169:Src/adc.c     ****   
 383              		.loc 1 169 0
 384 001e 0021     		movs	r1, #0
 385 0020 0091     		str	r1, [sp]
 386 0022 234B     		ldr	r3, .L33+12
 387 0024 5A6C     		ldr	r2, [r3, #68]
 388 0026 42F48072 		orr	r2, r2, #256
 389 002a 5A64     		str	r2, [r3, #68]
 390 002c 5B6C     		ldr	r3, [r3, #68]
 391 002e 03F48073 		and	r3, r3, #256
 392 0032 0093     		str	r3, [sp]
 393 0034 009B     		ldr	r3, [sp]
 394              	.LBE2:
 174:Src/adc.c     ****     GPIO_InitStruct.Mode = GPIO_MODE_ANALOG;
 395              		.loc 1 174 0
 396 0036 1023     		movs	r3, #16
 397 0038 0393     		str	r3, [sp, #12]
 175:Src/adc.c     ****     GPIO_InitStruct.Pull = GPIO_NOPULL;
 398              		.loc 1 175 0
 399 003a 0323     		movs	r3, #3
 400 003c 0493     		str	r3, [sp, #16]
ARM GAS  C:\Users\kotaro\AppData\Local\Temp\ccx1Uck0.s 			page 12


 176:Src/adc.c     ****     HAL_GPIO_Init(GPIOA, &GPIO_InitStruct);
 401              		.loc 1 176 0
 402 003e 0591     		str	r1, [sp, #20]
 177:Src/adc.c     **** 
 403              		.loc 1 177 0
 404 0040 03A9     		add	r1, sp, #12
 405 0042 1C48     		ldr	r0, .L33+16
 406              	.LVL15:
 407 0044 FFF7FEFF 		bl	HAL_GPIO_Init
 408              	.LVL16:
 409 0048 E6E7     		b	.L25
 410              	.LVL17:
 411              	.L31:
 412              	.LBB3:
 189:Src/adc.c     ****   
 413              		.loc 1 189 0
 414 004a 0021     		movs	r1, #0
 415 004c 0191     		str	r1, [sp, #4]
 416 004e 184B     		ldr	r3, .L33+12
 417 0050 5A6C     		ldr	r2, [r3, #68]
 418 0052 42F40072 		orr	r2, r2, #512
 419 0056 5A64     		str	r2, [r3, #68]
 420 0058 5B6C     		ldr	r3, [r3, #68]
 421 005a 03F40073 		and	r3, r3, #512
 422 005e 0193     		str	r3, [sp, #4]
 423 0060 019B     		ldr	r3, [sp, #4]
 424              	.LBE3:
 195:Src/adc.c     ****     GPIO_InitStruct.Mode = GPIO_MODE_ANALOG;
 425              		.loc 1 195 0
 426 0062 0923     		movs	r3, #9
 427 0064 0393     		str	r3, [sp, #12]
 196:Src/adc.c     ****     GPIO_InitStruct.Pull = GPIO_NOPULL;
 428              		.loc 1 196 0
 429 0066 0323     		movs	r3, #3
 430 0068 0493     		str	r3, [sp, #16]
 197:Src/adc.c     ****     HAL_GPIO_Init(GPIOA, &GPIO_InitStruct);
 431              		.loc 1 197 0
 432 006a 0591     		str	r1, [sp, #20]
 198:Src/adc.c     **** 
 433              		.loc 1 198 0
 434 006c 03A9     		add	r1, sp, #12
 435 006e 1148     		ldr	r0, .L33+16
 436              	.LVL18:
 437 0070 FFF7FEFF 		bl	HAL_GPIO_Init
 438              	.LVL19:
 439 0074 D0E7     		b	.L25
 440              	.LVL20:
 441              	.L32:
 442              	.LBB4:
 210:Src/adc.c     ****   
 443              		.loc 1 210 0
 444 0076 0021     		movs	r1, #0
 445 0078 0291     		str	r1, [sp, #8]
 446 007a 0D4B     		ldr	r3, .L33+12
 447 007c 5A6C     		ldr	r2, [r3, #68]
 448 007e 42F48062 		orr	r2, r2, #1024
 449 0082 5A64     		str	r2, [r3, #68]
ARM GAS  C:\Users\kotaro\AppData\Local\Temp\ccx1Uck0.s 			page 13


 450 0084 5B6C     		ldr	r3, [r3, #68]
 451 0086 03F48063 		and	r3, r3, #1024
 452 008a 0293     		str	r3, [sp, #8]
 453 008c 029B     		ldr	r3, [sp, #8]
 454              	.LBE4:
 216:Src/adc.c     ****     GPIO_InitStruct.Mode = GPIO_MODE_ANALOG;
 455              		.loc 1 216 0
 456 008e 0623     		movs	r3, #6
 457 0090 0393     		str	r3, [sp, #12]
 217:Src/adc.c     ****     GPIO_InitStruct.Pull = GPIO_NOPULL;
 458              		.loc 1 217 0
 459 0092 0323     		movs	r3, #3
 460 0094 0493     		str	r3, [sp, #16]
 218:Src/adc.c     ****     HAL_GPIO_Init(GPIOA, &GPIO_InitStruct);
 461              		.loc 1 218 0
 462 0096 0591     		str	r1, [sp, #20]
 219:Src/adc.c     **** 
 463              		.loc 1 219 0
 464 0098 03A9     		add	r1, sp, #12
 465 009a 0648     		ldr	r0, .L33+16
 466              	.LVL21:
 467 009c FFF7FEFF 		bl	HAL_GPIO_Init
 468              	.LVL22:
 469              		.loc 1 225 0
 470 00a0 BAE7     		b	.L25
 471              	.L34:
 472 00a2 00BF     		.align	2
 473              	.L33:
 474 00a4 00200140 		.word	1073815552
 475 00a8 00210140 		.word	1073815808
 476 00ac 00220140 		.word	1073816064
 477 00b0 00380240 		.word	1073887232
 478 00b4 00000240 		.word	1073872896
 479              		.cfi_endproc
 480              	.LFE129:
 482              		.section	.text.HAL_ADC_MspDeInit,"ax",%progbits
 483              		.align	1
 484              		.global	HAL_ADC_MspDeInit
 485              		.syntax unified
 486              		.thumb
 487              		.thumb_func
 488              		.fpu fpv4-sp-d16
 490              	HAL_ADC_MspDeInit:
 491              	.LFB130:
 226:Src/adc.c     **** 
 227:Src/adc.c     **** void HAL_ADC_MspDeInit(ADC_HandleTypeDef* adcHandle)
 228:Src/adc.c     **** {
 492              		.loc 1 228 0
 493              		.cfi_startproc
 494              		@ args = 0, pretend = 0, frame = 0
 495              		@ frame_needed = 0, uses_anonymous_args = 0
 496              	.LVL23:
 497 0000 08B5     		push	{r3, lr}
 498              	.LCFI16:
 499              		.cfi_def_cfa_offset 8
 500              		.cfi_offset 3, -8
 501              		.cfi_offset 14, -4
ARM GAS  C:\Users\kotaro\AppData\Local\Temp\ccx1Uck0.s 			page 14


 229:Src/adc.c     **** 
 230:Src/adc.c     ****   if(adcHandle->Instance==ADC1)
 502              		.loc 1 230 0
 503 0002 0368     		ldr	r3, [r0]
 504 0004 144A     		ldr	r2, .L43
 505 0006 9342     		cmp	r3, r2
 506 0008 06D0     		beq	.L40
 231:Src/adc.c     ****   {
 232:Src/adc.c     ****   /* USER CODE BEGIN ADC1_MspDeInit 0 */
 233:Src/adc.c     **** 
 234:Src/adc.c     ****   /* USER CODE END ADC1_MspDeInit 0 */
 235:Src/adc.c     ****     /* Peripheral clock disable */
 236:Src/adc.c     ****     __HAL_RCC_ADC1_CLK_DISABLE();
 237:Src/adc.c     ****   
 238:Src/adc.c     ****     /**ADC1 GPIO Configuration    
 239:Src/adc.c     ****     PA4     ------> ADC1_IN4 
 240:Src/adc.c     ****     */
 241:Src/adc.c     ****     HAL_GPIO_DeInit(GPIOA, GPIO_PIN_4);
 242:Src/adc.c     **** 
 243:Src/adc.c     ****   /* USER CODE BEGIN ADC1_MspDeInit 1 */
 244:Src/adc.c     **** 
 245:Src/adc.c     ****   /* USER CODE END ADC1_MspDeInit 1 */
 246:Src/adc.c     ****   }
 247:Src/adc.c     ****   else if(adcHandle->Instance==ADC2)
 507              		.loc 1 247 0
 508 000a 144A     		ldr	r2, .L43+4
 509 000c 9342     		cmp	r3, r2
 510 000e 0ED0     		beq	.L41
 248:Src/adc.c     ****   {
 249:Src/adc.c     ****   /* USER CODE BEGIN ADC2_MspDeInit 0 */
 250:Src/adc.c     **** 
 251:Src/adc.c     ****   /* USER CODE END ADC2_MspDeInit 0 */
 252:Src/adc.c     ****     /* Peripheral clock disable */
 253:Src/adc.c     ****     __HAL_RCC_ADC2_CLK_DISABLE();
 254:Src/adc.c     ****   
 255:Src/adc.c     ****     /**ADC2 GPIO Configuration    
 256:Src/adc.c     ****     PA0-WKUP     ------> ADC2_IN0
 257:Src/adc.c     ****     PA3     ------> ADC2_IN3 
 258:Src/adc.c     ****     */
 259:Src/adc.c     ****     HAL_GPIO_DeInit(GPIOA, GPIO_PIN_0|GPIO_PIN_3);
 260:Src/adc.c     **** 
 261:Src/adc.c     ****   /* USER CODE BEGIN ADC2_MspDeInit 1 */
 262:Src/adc.c     **** 
 263:Src/adc.c     ****   /* USER CODE END ADC2_MspDeInit 1 */
 264:Src/adc.c     ****   }
 265:Src/adc.c     ****   else if(adcHandle->Instance==ADC3)
 511              		.loc 1 265 0
 512 0010 134A     		ldr	r2, .L43+8
 513 0012 9342     		cmp	r3, r2
 514 0014 15D0     		beq	.L42
 515              	.LVL24:
 516              	.L35:
 266:Src/adc.c     ****   {
 267:Src/adc.c     ****   /* USER CODE BEGIN ADC3_MspDeInit 0 */
 268:Src/adc.c     **** 
 269:Src/adc.c     ****   /* USER CODE END ADC3_MspDeInit 0 */
 270:Src/adc.c     ****     /* Peripheral clock disable */
ARM GAS  C:\Users\kotaro\AppData\Local\Temp\ccx1Uck0.s 			page 15


 271:Src/adc.c     ****     __HAL_RCC_ADC3_CLK_DISABLE();
 272:Src/adc.c     ****   
 273:Src/adc.c     ****     /**ADC3 GPIO Configuration    
 274:Src/adc.c     ****     PA1     ------> ADC3_IN1
 275:Src/adc.c     ****     PA2     ------> ADC3_IN2 
 276:Src/adc.c     ****     */
 277:Src/adc.c     ****     HAL_GPIO_DeInit(GPIOA, GPIO_PIN_1|GPIO_PIN_2);
 278:Src/adc.c     **** 
 279:Src/adc.c     ****   /* USER CODE BEGIN ADC3_MspDeInit 1 */
 280:Src/adc.c     **** 
 281:Src/adc.c     ****   /* USER CODE END ADC3_MspDeInit 1 */
 282:Src/adc.c     ****   }
 283:Src/adc.c     **** } 
 517              		.loc 1 283 0
 518 0016 08BD     		pop	{r3, pc}
 519              	.LVL25:
 520              	.L40:
 236:Src/adc.c     ****   
 521              		.loc 1 236 0
 522 0018 02F58C32 		add	r2, r2, #71680
 523 001c 536C     		ldr	r3, [r2, #68]
 524 001e 23F48073 		bic	r3, r3, #256
 525 0022 5364     		str	r3, [r2, #68]
 241:Src/adc.c     **** 
 526              		.loc 1 241 0
 527 0024 1021     		movs	r1, #16
 528 0026 0F48     		ldr	r0, .L43+12
 529              	.LVL26:
 530 0028 FFF7FEFF 		bl	HAL_GPIO_DeInit
 531              	.LVL27:
 532 002c F3E7     		b	.L35
 533              	.LVL28:
 534              	.L41:
 253:Src/adc.c     ****   
 535              		.loc 1 253 0
 536 002e 0E4A     		ldr	r2, .L43+16
 537 0030 536C     		ldr	r3, [r2, #68]
 538 0032 23F40073 		bic	r3, r3, #512
 539 0036 5364     		str	r3, [r2, #68]
 259:Src/adc.c     **** 
 540              		.loc 1 259 0
 541 0038 0921     		movs	r1, #9
 542 003a 0A48     		ldr	r0, .L43+12
 543              	.LVL29:
 544 003c FFF7FEFF 		bl	HAL_GPIO_DeInit
 545              	.LVL30:
 546 0040 E9E7     		b	.L35
 547              	.LVL31:
 548              	.L42:
 271:Src/adc.c     ****   
 549              		.loc 1 271 0
 550 0042 02F58B32 		add	r2, r2, #71168
 551 0046 536C     		ldr	r3, [r2, #68]
 552 0048 23F48063 		bic	r3, r3, #1024
 553 004c 5364     		str	r3, [r2, #68]
 277:Src/adc.c     **** 
 554              		.loc 1 277 0
ARM GAS  C:\Users\kotaro\AppData\Local\Temp\ccx1Uck0.s 			page 16


 555 004e 0621     		movs	r1, #6
 556 0050 0448     		ldr	r0, .L43+12
 557              	.LVL32:
 558 0052 FFF7FEFF 		bl	HAL_GPIO_DeInit
 559              	.LVL33:
 560              		.loc 1 283 0
 561 0056 DEE7     		b	.L35
 562              	.L44:
 563              		.align	2
 564              	.L43:
 565 0058 00200140 		.word	1073815552
 566 005c 00210140 		.word	1073815808
 567 0060 00220140 		.word	1073816064
 568 0064 00000240 		.word	1073872896
 569 0068 00380240 		.word	1073887232
 570              		.cfi_endproc
 571              	.LFE130:
 573              		.comm	hadc3,72,4
 574              		.comm	hadc2,72,4
 575              		.comm	hadc1,72,4
 576              		.section	.rodata.MX_ADC1_Init.str1.4,"aMS",%progbits,1
 577              		.align	2
 578              	.LC0:
 579 0000 5372632F 		.ascii	"Src/adc.c\000"
 579      6164632E 
 579      6300
 580              		.text
 581              	.Letext0:
 582              		.file 2 "c:\\program files (x86)\\gnu tools arm embedded\\7 2017-q4-major\\arm-none-eabi\\include\
 583              		.file 3 "c:\\program files (x86)\\gnu tools arm embedded\\7 2017-q4-major\\arm-none-eabi\\include\
 584              		.file 4 "Drivers/CMSIS/Include/core_cm4.h"
 585              		.file 5 "Drivers/CMSIS/Device/ST/STM32F4xx/Include/system_stm32f4xx.h"
 586              		.file 6 "Drivers/CMSIS/Device/ST/STM32F4xx/Include/stm32f405xx.h"
 587              		.file 7 "c:\\program files (x86)\\gnu tools arm embedded\\7 2017-q4-major\\arm-none-eabi\\include\
 588              		.file 8 "c:\\program files (x86)\\gnu tools arm embedded\\7 2017-q4-major\\arm-none-eabi\\include\
 589              		.file 9 "c:\\program files (x86)\\gnu tools arm embedded\\7 2017-q4-major\\lib\\gcc\\arm-none-eabi
 590              		.file 10 "c:\\program files (x86)\\gnu tools arm embedded\\7 2017-q4-major\\arm-none-eabi\\include
 591              		.file 11 "Drivers/CMSIS/Device/ST/STM32F4xx/Include/stm32f4xx.h"
 592              		.file 12 "Drivers/STM32F4xx_HAL_Driver/Inc/stm32f4xx_hal_def.h"
 593              		.file 13 "Drivers/STM32F4xx_HAL_Driver/Inc/stm32f4xx_hal_gpio.h"
 594              		.file 14 "Drivers/STM32F4xx_HAL_Driver/Inc/stm32f4xx_hal_dma.h"
 595              		.file 15 "Drivers/STM32F4xx_HAL_Driver/Inc/stm32f4xx_hal_adc.h"
 596              		.file 16 "Inc/adc.h"
ARM GAS  C:\Users\kotaro\AppData\Local\Temp\ccx1Uck0.s 			page 17


DEFINED SYMBOLS
                            *ABS*:00000000 adc.c
C:\Users\kotaro\AppData\Local\Temp\ccx1Uck0.s:18     .text.MX_ADC1_Init:00000000 $t
C:\Users\kotaro\AppData\Local\Temp\ccx1Uck0.s:25     .text.MX_ADC1_Init:00000000 MX_ADC1_Init
C:\Users\kotaro\AppData\Local\Temp\ccx1Uck0.s:117    .text.MX_ADC1_Init:00000060 $d
                            *COM*:00000048 hadc1
C:\Users\kotaro\AppData\Local\Temp\ccx1Uck0.s:125    .text.MX_ADC2_Init:00000000 $t
C:\Users\kotaro\AppData\Local\Temp\ccx1Uck0.s:132    .text.MX_ADC2_Init:00000000 MX_ADC2_Init
C:\Users\kotaro\AppData\Local\Temp\ccx1Uck0.s:222    .text.MX_ADC2_Init:00000060 $d
                            *COM*:00000048 hadc2
C:\Users\kotaro\AppData\Local\Temp\ccx1Uck0.s:230    .text.MX_ADC3_Init:00000000 $t
C:\Users\kotaro\AppData\Local\Temp\ccx1Uck0.s:237    .text.MX_ADC3_Init:00000000 MX_ADC3_Init
C:\Users\kotaro\AppData\Local\Temp\ccx1Uck0.s:327    .text.MX_ADC3_Init:00000060 $d
                            *COM*:00000048 hadc3
C:\Users\kotaro\AppData\Local\Temp\ccx1Uck0.s:335    .text.HAL_ADC_MspInit:00000000 $t
C:\Users\kotaro\AppData\Local\Temp\ccx1Uck0.s:342    .text.HAL_ADC_MspInit:00000000 HAL_ADC_MspInit
C:\Users\kotaro\AppData\Local\Temp\ccx1Uck0.s:474    .text.HAL_ADC_MspInit:000000a4 $d
C:\Users\kotaro\AppData\Local\Temp\ccx1Uck0.s:483    .text.HAL_ADC_MspDeInit:00000000 $t
C:\Users\kotaro\AppData\Local\Temp\ccx1Uck0.s:490    .text.HAL_ADC_MspDeInit:00000000 HAL_ADC_MspDeInit
C:\Users\kotaro\AppData\Local\Temp\ccx1Uck0.s:565    .text.HAL_ADC_MspDeInit:00000058 $d
C:\Users\kotaro\AppData\Local\Temp\ccx1Uck0.s:577    .rodata.MX_ADC1_Init.str1.4:00000000 $d

UNDEFINED SYMBOLS
HAL_ADC_Init
HAL_ADC_ConfigChannel
_Error_Handler
HAL_GPIO_Init
HAL_GPIO_DeInit
