ARM GAS  C:\Users\kotaro\AppData\Local\Temp\cc86Km5X.s 			page 1


   1              		.cpu cortex-m4
   2              		.eabi_attribute 27, 1
   3              		.eabi_attribute 28, 1
   4              		.eabi_attribute 20, 1
   5              		.eabi_attribute 21, 1
   6              		.eabi_attribute 23, 3
   7              		.eabi_attribute 24, 1
   8              		.eabi_attribute 25, 1
   9              		.eabi_attribute 26, 1
  10              		.eabi_attribute 30, 1
  11              		.eabi_attribute 34, 1
  12              		.eabi_attribute 18, 4
  13              		.file	"global.c"
  14              		.text
  15              	.Ltext0:
  16              		.cfi_sections	.debug_frame
  17              		.comm	y_decrease_T,2,2
  18              		.comm	y_constant_T,2,2
  19              		.comm	y_accel_T,2,2
  20              		.comm	decrease_T,2,2
  21              		.comm	constant_T,2,2
  22              		.comm	accel_T,2,2
  23              		.comm	loger,60000,4
  24              		.comm	motor,8,4
  25              		.comm	yawrate_cnt,2,2
  26              		.comm	straight_cnt,2,2
  27              		.comm	sensor_count,8,4
  28              		.comm	sensor_wall,8,4
  29              		.comm	sensor_adc,8,4
  30              		.comm	sensor_adc_off,8,4
  31              		.comm	sensor_adc_on,8,4
  32              		.comm	batt_Vcc,4,4
  33              		.comm	batt_analog,2,2
  34              		.comm	count_tim5,2,2
  35              		.comm	sensor,36,4
  36              		.comm	position,12,4
  37              		.comm	s_accel,4,4
  38              		.comm	calc,16,4
  39              		.comm	enc,44,4
  40              		.comm	gyro,24,4
  41              		.comm	flag,7,4
  42              	.Letext0:
  43              		.file 1 "c:\\program files (x86)\\gnu tools arm embedded\\7 2017-q4-major\\arm-none-eabi\\include\
  44              		.file 2 "c:\\program files (x86)\\gnu tools arm embedded\\7 2017-q4-major\\arm-none-eabi\\include\
  45              		.file 3 "c:\\program files (x86)\\gnu tools arm embedded\\7 2017-q4-major\\arm-none-eabi\\include\
  46              		.file 4 "c:\\program files (x86)\\gnu tools arm embedded\\7 2017-q4-major\\arm-none-eabi\\include\
  47              		.file 5 "c:\\program files (x86)\\gnu tools arm embedded\\7 2017-q4-major\\lib\\gcc\\arm-none-eabi
  48              		.file 6 "c:\\program files (x86)\\gnu tools arm embedded\\7 2017-q4-major\\arm-none-eabi\\include\
  49              		.file 7 "Inc/global.h"
  50              		.file 8 "Src/global.c"
ARM GAS  C:\Users\kotaro\AppData\Local\Temp\cc86Km5X.s 			page 2


DEFINED SYMBOLS
                            *ABS*:00000000 global.c
                            *COM*:00000002 y_decrease_T
                            *COM*:00000002 y_constant_T
                            *COM*:00000002 y_accel_T
                            *COM*:00000002 decrease_T
                            *COM*:00000002 constant_T
                            *COM*:00000002 accel_T
                            *COM*:0000ea60 loger
                            *COM*:00000008 motor
                            *COM*:00000002 yawrate_cnt
                            *COM*:00000002 straight_cnt
                            *COM*:00000008 sensor_count
                            *COM*:00000008 sensor_wall
                            *COM*:00000008 sensor_adc
                            *COM*:00000008 sensor_adc_off
                            *COM*:00000008 sensor_adc_on
                            *COM*:00000004 batt_Vcc
                            *COM*:00000002 batt_analog
                            *COM*:00000002 count_tim5
                            *COM*:00000024 sensor
                            *COM*:0000000c position
                            *COM*:00000004 s_accel
                            *COM*:00000010 calc
                            *COM*:0000002c enc
                            *COM*:00000018 gyro
                            *COM*:00000007 flag

NO UNDEFINED SYMBOLS
