ARM GAS  C:\Users\kotaro\AppData\Local\Temp\ccCgwptk.s 			page 1


   1              		.cpu cortex-m4
   2              		.eabi_attribute 27, 1
   3              		.eabi_attribute 28, 1
   4              		.eabi_attribute 20, 1
   5              		.eabi_attribute 21, 1
   6              		.eabi_attribute 23, 3
   7              		.eabi_attribute 24, 1
   8              		.eabi_attribute 25, 1
   9              		.eabi_attribute 26, 1
  10              		.eabi_attribute 30, 1
  11              		.eabi_attribute 34, 1
  12              		.eabi_attribute 18, 4
  13              		.file	"spi.c"
  14              		.text
  15              	.Ltext0:
  16              		.cfi_sections	.debug_frame
  17              		.section	.text.MX_SPI2_Init,"ax",%progbits
  18              		.align	1
  19              		.global	MX_SPI2_Init
  20              		.syntax unified
  21              		.thumb
  22              		.thumb_func
  23              		.fpu fpv4-sp-d16
  25              	MX_SPI2_Init:
  26              	.LFB126:
  27              		.file 1 "Src/spi.c"
   1:Src/spi.c     **** /**
   2:Src/spi.c     ****   ******************************************************************************
   3:Src/spi.c     ****   * File Name          : SPI.c
   4:Src/spi.c     ****   * Description        : This file provides code for the configuration
   5:Src/spi.c     ****   *                      of the SPI instances.
   6:Src/spi.c     ****   ******************************************************************************
   7:Src/spi.c     ****   ** This notice applies to any and all portions of this file
   8:Src/spi.c     ****   * that are not between comment pairs USER CODE BEGIN and
   9:Src/spi.c     ****   * USER CODE END. Other portions of this file, whether 
  10:Src/spi.c     ****   * inserted by the user or by software development tools
  11:Src/spi.c     ****   * are owned by their respective copyright owners.
  12:Src/spi.c     ****   *
  13:Src/spi.c     ****   * COPYRIGHT(c) 2018 STMicroelectronics
  14:Src/spi.c     ****   *
  15:Src/spi.c     ****   * Redistribution and use in source and binary forms, with or without modification,
  16:Src/spi.c     ****   * are permitted provided that the following conditions are met:
  17:Src/spi.c     ****   *   1. Redistributions of source code must retain the above copyright notice,
  18:Src/spi.c     ****   *      this list of conditions and the following disclaimer.
  19:Src/spi.c     ****   *   2. Redistributions in binary form must reproduce the above copyright notice,
  20:Src/spi.c     ****   *      this list of conditions and the following disclaimer in the documentation
  21:Src/spi.c     ****   *      and/or other materials provided with the distribution.
  22:Src/spi.c     ****   *   3. Neither the name of STMicroelectronics nor the names of its contributors
  23:Src/spi.c     ****   *      may be used to endorse or promote products derived from this software
  24:Src/spi.c     ****   *      without specific prior written permission.
  25:Src/spi.c     ****   *
  26:Src/spi.c     ****   * THIS SOFTWARE IS PROVIDED BY THE COPYRIGHT HOLDERS AND CONTRIBUTORS "AS IS"
  27:Src/spi.c     ****   * AND ANY EXPRESS OR IMPLIED WARRANTIES, INCLUDING, BUT NOT LIMITED TO, THE
  28:Src/spi.c     ****   * IMPLIED WARRANTIES OF MERCHANTABILITY AND FITNESS FOR A PARTICULAR PURPOSE ARE
  29:Src/spi.c     ****   * DISCLAIMED. IN NO EVENT SHALL THE COPYRIGHT HOLDER OR CONTRIBUTORS BE LIABLE
  30:Src/spi.c     ****   * FOR ANY DIRECT, INDIRECT, INCIDENTAL, SPECIAL, EXEMPLARY, OR CONSEQUENTIAL
  31:Src/spi.c     ****   * DAMAGES (INCLUDING, BUT NOT LIMITED TO, PROCUREMENT OF SUBSTITUTE GOODS OR
ARM GAS  C:\Users\kotaro\AppData\Local\Temp\ccCgwptk.s 			page 2


  32:Src/spi.c     ****   * SERVICES; LOSS OF USE, DATA, OR PROFITS; OR BUSINESS INTERRUPTION) HOWEVER
  33:Src/spi.c     ****   * CAUSED AND ON ANY THEORY OF LIABILITY, WHETHER IN CONTRACT, STRICT LIABILITY,
  34:Src/spi.c     ****   * OR TORT (INCLUDING NEGLIGENCE OR OTHERWISE) ARISING IN ANY WAY OUT OF THE USE
  35:Src/spi.c     ****   * OF THIS SOFTWARE, EVEN IF ADVISED OF THE POSSIBILITY OF SUCH DAMAGE.
  36:Src/spi.c     ****   *
  37:Src/spi.c     ****   ******************************************************************************
  38:Src/spi.c     ****   */
  39:Src/spi.c     **** 
  40:Src/spi.c     **** /* Includes ------------------------------------------------------------------*/
  41:Src/spi.c     **** #include "spi.h"
  42:Src/spi.c     **** 
  43:Src/spi.c     **** #include "gpio.h"
  44:Src/spi.c     **** 
  45:Src/spi.c     **** /* USER CODE BEGIN 0 */
  46:Src/spi.c     **** #include "global.h"
  47:Src/spi.c     **** #include "stdint.h"
  48:Src/spi.c     **** /* USER CODE END 0 */
  49:Src/spi.c     **** 
  50:Src/spi.c     **** SPI_HandleTypeDef hspi2;
  51:Src/spi.c     **** 
  52:Src/spi.c     **** /* SPI2 init function */
  53:Src/spi.c     **** void MX_SPI2_Init(void)
  54:Src/spi.c     **** {
  28              		.loc 1 54 0
  29              		.cfi_startproc
  30              		@ args = 0, pretend = 0, frame = 0
  31              		@ frame_needed = 0, uses_anonymous_args = 0
  32 0000 08B5     		push	{r3, lr}
  33              	.LCFI0:
  34              		.cfi_def_cfa_offset 8
  35              		.cfi_offset 3, -8
  36              		.cfi_offset 14, -4
  55:Src/spi.c     **** 
  56:Src/spi.c     ****   hspi2.Instance = SPI2;
  37              		.loc 1 56 0
  38 0002 0E48     		ldr	r0, .L5
  39 0004 0E4B     		ldr	r3, .L5+4
  40 0006 0360     		str	r3, [r0]
  57:Src/spi.c     ****   hspi2.Init.Mode = SPI_MODE_MASTER;
  41              		.loc 1 57 0
  42 0008 4FF48273 		mov	r3, #260
  43 000c 4360     		str	r3, [r0, #4]
  58:Src/spi.c     ****   hspi2.Init.Direction = SPI_DIRECTION_2LINES;
  44              		.loc 1 58 0
  45 000e 0023     		movs	r3, #0
  46 0010 8360     		str	r3, [r0, #8]
  59:Src/spi.c     ****   hspi2.Init.DataSize = SPI_DATASIZE_8BIT;
  47              		.loc 1 59 0
  48 0012 C360     		str	r3, [r0, #12]
  60:Src/spi.c     ****   hspi2.Init.CLKPolarity = SPI_POLARITY_LOW;
  49              		.loc 1 60 0
  50 0014 0361     		str	r3, [r0, #16]
  61:Src/spi.c     ****   hspi2.Init.CLKPhase = SPI_PHASE_1EDGE;
  51              		.loc 1 61 0
  52 0016 4361     		str	r3, [r0, #20]
  62:Src/spi.c     ****   hspi2.Init.NSS = SPI_NSS_SOFT;
  53              		.loc 1 62 0
ARM GAS  C:\Users\kotaro\AppData\Local\Temp\ccCgwptk.s 			page 3


  54 0018 4FF40072 		mov	r2, #512
  55 001c 8261     		str	r2, [r0, #24]
  63:Src/spi.c     ****   hspi2.Init.BaudRatePrescaler = SPI_BAUDRATEPRESCALER_2;
  56              		.loc 1 63 0
  57 001e C361     		str	r3, [r0, #28]
  64:Src/spi.c     ****   hspi2.Init.FirstBit = SPI_FIRSTBIT_MSB;
  58              		.loc 1 64 0
  59 0020 0362     		str	r3, [r0, #32]
  65:Src/spi.c     ****   hspi2.Init.TIMode = SPI_TIMODE_DISABLE;
  60              		.loc 1 65 0
  61 0022 4362     		str	r3, [r0, #36]
  66:Src/spi.c     ****   hspi2.Init.CRCCalculation = SPI_CRCCALCULATION_DISABLE;
  62              		.loc 1 66 0
  63 0024 8362     		str	r3, [r0, #40]
  67:Src/spi.c     ****   hspi2.Init.CRCPolynomial = 10;
  64              		.loc 1 67 0
  65 0026 0A23     		movs	r3, #10
  66 0028 C362     		str	r3, [r0, #44]
  68:Src/spi.c     ****   if (HAL_SPI_Init(&hspi2) != HAL_OK)
  67              		.loc 1 68 0
  68 002a FFF7FEFF 		bl	HAL_SPI_Init
  69              	.LVL0:
  70 002e 00B9     		cbnz	r0, .L4
  71              	.L1:
  69:Src/spi.c     ****   {
  70:Src/spi.c     ****     _Error_Handler(__FILE__, __LINE__);
  71:Src/spi.c     ****   }
  72:Src/spi.c     **** 
  73:Src/spi.c     **** }
  72              		.loc 1 73 0
  73 0030 08BD     		pop	{r3, pc}
  74              	.L4:
  70:Src/spi.c     ****   }
  75              		.loc 1 70 0
  76 0032 4621     		movs	r1, #70
  77 0034 0348     		ldr	r0, .L5+8
  78 0036 FFF7FEFF 		bl	_Error_Handler
  79              	.LVL1:
  80              		.loc 1 73 0
  81 003a F9E7     		b	.L1
  82              	.L6:
  83              		.align	2
  84              	.L5:
  85 003c 00000000 		.word	hspi2
  86 0040 00380040 		.word	1073756160
  87 0044 00000000 		.word	.LC0
  88              		.cfi_endproc
  89              	.LFE126:
  91              		.section	.text.HAL_SPI_MspInit,"ax",%progbits
  92              		.align	1
  93              		.global	HAL_SPI_MspInit
  94              		.syntax unified
  95              		.thumb
  96              		.thumb_func
  97              		.fpu fpv4-sp-d16
  99              	HAL_SPI_MspInit:
 100              	.LFB127:
ARM GAS  C:\Users\kotaro\AppData\Local\Temp\ccCgwptk.s 			page 4


  74:Src/spi.c     **** 
  75:Src/spi.c     **** void HAL_SPI_MspInit(SPI_HandleTypeDef* spiHandle)
  76:Src/spi.c     **** {
 101              		.loc 1 76 0
 102              		.cfi_startproc
 103              		@ args = 0, pretend = 0, frame = 24
 104              		@ frame_needed = 0, uses_anonymous_args = 0
 105              	.LVL2:
  77:Src/spi.c     **** 
  78:Src/spi.c     ****   GPIO_InitTypeDef GPIO_InitStruct;
  79:Src/spi.c     ****   if(spiHandle->Instance==SPI2)
 106              		.loc 1 79 0
 107 0000 0268     		ldr	r2, [r0]
 108 0002 124B     		ldr	r3, .L14
 109 0004 9A42     		cmp	r2, r3
 110 0006 00D0     		beq	.L13
 111 0008 7047     		bx	lr
 112              	.L13:
  76:Src/spi.c     **** 
 113              		.loc 1 76 0
 114 000a 00B5     		push	{lr}
 115              	.LCFI1:
 116              		.cfi_def_cfa_offset 4
 117              		.cfi_offset 14, -4
 118 000c 87B0     		sub	sp, sp, #28
 119              	.LCFI2:
 120              		.cfi_def_cfa_offset 32
 121              	.LBB2:
  80:Src/spi.c     ****   {
  81:Src/spi.c     ****   /* USER CODE BEGIN SPI2_MspInit 0 */
  82:Src/spi.c     **** 
  83:Src/spi.c     ****   /* USER CODE END SPI2_MspInit 0 */
  84:Src/spi.c     ****     /* SPI2 clock enable */
  85:Src/spi.c     ****     __HAL_RCC_SPI2_CLK_ENABLE();
 122              		.loc 1 85 0
 123 000e 0021     		movs	r1, #0
 124 0010 0091     		str	r1, [sp]
 125 0012 03F50033 		add	r3, r3, #131072
 126 0016 1A6C     		ldr	r2, [r3, #64]
 127 0018 42F48042 		orr	r2, r2, #16384
 128 001c 1A64     		str	r2, [r3, #64]
 129 001e 1B6C     		ldr	r3, [r3, #64]
 130 0020 03F48043 		and	r3, r3, #16384
 131 0024 0093     		str	r3, [sp]
 132 0026 009B     		ldr	r3, [sp]
 133              	.LBE2:
  86:Src/spi.c     ****   
  87:Src/spi.c     ****     /**SPI2 GPIO Configuration    
  88:Src/spi.c     ****     PB13     ------> SPI2_SCK
  89:Src/spi.c     ****     PB14     ------> SPI2_MISO
  90:Src/spi.c     ****     PB15     ------> SPI2_MOSI 
  91:Src/spi.c     ****     */
  92:Src/spi.c     ****     GPIO_InitStruct.Pin = GPIO_PIN_13|GPIO_PIN_14|GPIO_PIN_15;
 134              		.loc 1 92 0
 135 0028 4FF46043 		mov	r3, #57344
 136 002c 0193     		str	r3, [sp, #4]
  93:Src/spi.c     ****     GPIO_InitStruct.Mode = GPIO_MODE_AF_PP;
ARM GAS  C:\Users\kotaro\AppData\Local\Temp\ccCgwptk.s 			page 5


 137              		.loc 1 93 0
 138 002e 0223     		movs	r3, #2
 139 0030 0293     		str	r3, [sp, #8]
  94:Src/spi.c     ****     GPIO_InitStruct.Pull = GPIO_NOPULL;
 140              		.loc 1 94 0
 141 0032 0391     		str	r1, [sp, #12]
  95:Src/spi.c     ****     GPIO_InitStruct.Speed = GPIO_SPEED_FREQ_VERY_HIGH;
 142              		.loc 1 95 0
 143 0034 0323     		movs	r3, #3
 144 0036 0493     		str	r3, [sp, #16]
  96:Src/spi.c     ****     GPIO_InitStruct.Alternate = GPIO_AF5_SPI2;
 145              		.loc 1 96 0
 146 0038 0523     		movs	r3, #5
 147 003a 0593     		str	r3, [sp, #20]
  97:Src/spi.c     ****     HAL_GPIO_Init(GPIOB, &GPIO_InitStruct);
 148              		.loc 1 97 0
 149 003c 01A9     		add	r1, sp, #4
 150 003e 0448     		ldr	r0, .L14+4
 151              	.LVL3:
 152 0040 FFF7FEFF 		bl	HAL_GPIO_Init
 153              	.LVL4:
  98:Src/spi.c     **** 
  99:Src/spi.c     ****   /* USER CODE BEGIN SPI2_MspInit 1 */
 100:Src/spi.c     **** 
 101:Src/spi.c     ****   /* USER CODE END SPI2_MspInit 1 */
 102:Src/spi.c     ****   }
 103:Src/spi.c     **** }
 154              		.loc 1 103 0
 155 0044 07B0     		add	sp, sp, #28
 156              	.LCFI3:
 157              		.cfi_def_cfa_offset 4
 158              		@ sp needed
 159 0046 5DF804FB 		ldr	pc, [sp], #4
 160              	.L15:
 161 004a 00BF     		.align	2
 162              	.L14:
 163 004c 00380040 		.word	1073756160
 164 0050 00040240 		.word	1073873920
 165              		.cfi_endproc
 166              	.LFE127:
 168              		.section	.text.HAL_SPI_MspDeInit,"ax",%progbits
 169              		.align	1
 170              		.global	HAL_SPI_MspDeInit
 171              		.syntax unified
 172              		.thumb
 173              		.thumb_func
 174              		.fpu fpv4-sp-d16
 176              	HAL_SPI_MspDeInit:
 177              	.LFB128:
 104:Src/spi.c     **** 
 105:Src/spi.c     **** void HAL_SPI_MspDeInit(SPI_HandleTypeDef* spiHandle)
 106:Src/spi.c     **** {
 178              		.loc 1 106 0
 179              		.cfi_startproc
 180              		@ args = 0, pretend = 0, frame = 0
 181              		@ frame_needed = 0, uses_anonymous_args = 0
 182              	.LVL5:
ARM GAS  C:\Users\kotaro\AppData\Local\Temp\ccCgwptk.s 			page 6


 183 0000 08B5     		push	{r3, lr}
 184              	.LCFI4:
 185              		.cfi_def_cfa_offset 8
 186              		.cfi_offset 3, -8
 187              		.cfi_offset 14, -4
 107:Src/spi.c     **** 
 108:Src/spi.c     ****   if(spiHandle->Instance==SPI2)
 188              		.loc 1 108 0
 189 0002 0268     		ldr	r2, [r0]
 190 0004 074B     		ldr	r3, .L20
 191 0006 9A42     		cmp	r2, r3
 192 0008 00D0     		beq	.L19
 193              	.LVL6:
 194              	.L16:
 109:Src/spi.c     ****   {
 110:Src/spi.c     ****   /* USER CODE BEGIN SPI2_MspDeInit 0 */
 111:Src/spi.c     **** 
 112:Src/spi.c     ****   /* USER CODE END SPI2_MspDeInit 0 */
 113:Src/spi.c     ****     /* Peripheral clock disable */
 114:Src/spi.c     ****     __HAL_RCC_SPI2_CLK_DISABLE();
 115:Src/spi.c     ****   
 116:Src/spi.c     ****     /**SPI2 GPIO Configuration    
 117:Src/spi.c     ****     PB13     ------> SPI2_SCK
 118:Src/spi.c     ****     PB14     ------> SPI2_MISO
 119:Src/spi.c     ****     PB15     ------> SPI2_MOSI 
 120:Src/spi.c     ****     */
 121:Src/spi.c     ****     HAL_GPIO_DeInit(GPIOB, GPIO_PIN_13|GPIO_PIN_14|GPIO_PIN_15);
 122:Src/spi.c     **** 
 123:Src/spi.c     ****   /* USER CODE BEGIN SPI2_MspDeInit 1 */
 124:Src/spi.c     **** 
 125:Src/spi.c     ****   /* USER CODE END SPI2_MspDeInit 1 */
 126:Src/spi.c     ****   }
 127:Src/spi.c     **** } 
 195              		.loc 1 127 0
 196 000a 08BD     		pop	{r3, pc}
 197              	.LVL7:
 198              	.L19:
 114:Src/spi.c     ****   
 199              		.loc 1 114 0
 200 000c 064A     		ldr	r2, .L20+4
 201 000e 136C     		ldr	r3, [r2, #64]
 202 0010 23F48043 		bic	r3, r3, #16384
 203 0014 1364     		str	r3, [r2, #64]
 121:Src/spi.c     **** 
 204              		.loc 1 121 0
 205 0016 4FF46041 		mov	r1, #57344
 206 001a 0448     		ldr	r0, .L20+8
 207              	.LVL8:
 208 001c FFF7FEFF 		bl	HAL_GPIO_DeInit
 209              	.LVL9:
 210              		.loc 1 127 0
 211 0020 F3E7     		b	.L16
 212              	.L21:
 213 0022 00BF     		.align	2
 214              	.L20:
 215 0024 00380040 		.word	1073756160
 216 0028 00380240 		.word	1073887232
ARM GAS  C:\Users\kotaro\AppData\Local\Temp\ccCgwptk.s 			page 7


 217 002c 00040240 		.word	1073873920
 218              		.cfi_endproc
 219              	.LFE128:
 221              		.section	.text.read_byte,"ax",%progbits
 222              		.align	1
 223              		.global	read_byte
 224              		.syntax unified
 225              		.thumb
 226              		.thumb_func
 227              		.fpu fpv4-sp-d16
 229              	read_byte:
 230              	.LFB129:
 128:Src/spi.c     **** 
 129:Src/spi.c     **** /* USER CODE BEGIN 1 */
 130:Src/spi.c     **** /********************************************************************
 131:Src/spi.c     ****  * Overview : spi read register
 132:Src/spi.c     ****  * Argument : register
 133:Src/spi.c     ****  * Return : 1byte data
 134:Src/spi.c     **** ********************************************************************/
 135:Src/spi.c     **** uint8_t read_byte(uint8_t reg){
 231              		.loc 1 135 0
 232              		.cfi_startproc
 233              		@ args = 0, pretend = 0, frame = 8
 234              		@ frame_needed = 0, uses_anonymous_args = 0
 235              	.LVL10:
 236 0000 30B5     		push	{r4, r5, lr}
 237              	.LCFI5:
 238              		.cfi_def_cfa_offset 12
 239              		.cfi_offset 4, -12
 240              		.cfi_offset 5, -8
 241              		.cfi_offset 14, -4
 242 0002 83B0     		sub	sp, sp, #12
 243              	.LCFI6:
 244              		.cfi_def_cfa_offset 24
 245 0004 0446     		mov	r4, r0
 136:Src/spi.c     ****   uint8_t ret,val;
 137:Src/spi.c     ****   HAL_GPIO_WritePin(gyro_cs_GPIO_Port,gyro_cs_Pin,GPIO_PIN_RESET);
 246              		.loc 1 137 0
 247 0006 114D     		ldr	r5, .L24
 248 0008 0022     		movs	r2, #0
 249 000a 4FF48051 		mov	r1, #4096
 250 000e 2846     		mov	r0, r5
 251              	.LVL11:
 252 0010 FFF7FEFF 		bl	HAL_GPIO_WritePin
 253              	.LVL12:
 138:Src/spi.c     ****   ret = reg|SETTING ;
 254              		.loc 1 138 0
 255 0014 64F07F04 		orn	r4, r4, #127
 256 0018 02A9     		add	r1, sp, #8
 257 001a 01F8014D 		strb	r4, [r1, #-1]!
 139:Src/spi.c     ****   //HAL_SPI_TransmitReceive(&hspi2,&ret,&val,1,400); //not work
 140:Src/spi.c     ****   HAL_SPI_Transmit(&hspi2,&ret,1,100);
 258              		.loc 1 140 0
 259 001e 0C4C     		ldr	r4, .L24+4
 260 0020 6423     		movs	r3, #100
 261 0022 0122     		movs	r2, #1
 262 0024 2046     		mov	r0, r4
ARM GAS  C:\Users\kotaro\AppData\Local\Temp\ccCgwptk.s 			page 8


 263 0026 FFF7FEFF 		bl	HAL_SPI_Transmit
 264              	.LVL13:
 141:Src/spi.c     ****   HAL_SPI_Receive(&hspi2,&val,1,100);
 265              		.loc 1 141 0
 266 002a 6423     		movs	r3, #100
 267 002c 0122     		movs	r2, #1
 268 002e 0DF10601 		add	r1, sp, #6
 269 0032 2046     		mov	r0, r4
 270 0034 FFF7FEFF 		bl	HAL_SPI_Receive
 271              	.LVL14:
 142:Src/spi.c     ****   HAL_GPIO_WritePin(gyro_cs_GPIO_Port,gyro_cs_Pin,GPIO_PIN_SET);
 272              		.loc 1 142 0
 273 0038 0122     		movs	r2, #1
 274 003a 4FF48051 		mov	r1, #4096
 275 003e 2846     		mov	r0, r5
 276 0040 FFF7FEFF 		bl	HAL_GPIO_WritePin
 277              	.LVL15:
 143:Src/spi.c     ****   return val;
 144:Src/spi.c     **** }
 278              		.loc 1 144 0
 279 0044 9DF80600 		ldrb	r0, [sp, #6]	@ zero_extendqisi2
 280 0048 03B0     		add	sp, sp, #12
 281              	.LCFI7:
 282              		.cfi_def_cfa_offset 12
 283              		@ sp needed
 284 004a 30BD     		pop	{r4, r5, pc}
 285              	.L25:
 286              		.align	2
 287              	.L24:
 288 004c 00040240 		.word	1073873920
 289 0050 00000000 		.word	hspi2
 290              		.cfi_endproc
 291              	.LFE129:
 293              		.section	.text.read_shift_byte,"ax",%progbits
 294              		.align	1
 295              		.global	read_shift_byte
 296              		.syntax unified
 297              		.thumb
 298              		.thumb_func
 299              		.fpu fpv4-sp-d16
 301              	read_shift_byte:
 302              	.LFB130:
 145:Src/spi.c     **** 
 146:Src/spi.c     **** 
 147:Src/spi.c     **** /****************************************************************
 148:Src/spi.c     ****  * Overview : shift 8bit and spi read register
 149:Src/spi.c     ****  * Argument : register
 150:Src/spi.c     ****  * Return : 2byte data (shift 8bit)
 151:Src/spi.c     ****  ************************************************************/
 152:Src/spi.c     **** int16_t read_shift_byte(uint8_t reg){
 303              		.loc 1 152 0
 304              		.cfi_startproc
 305              		@ args = 0, pretend = 0, frame = 8
 306              		@ frame_needed = 0, uses_anonymous_args = 0
 307              	.LVL16:
 308 0000 30B5     		push	{r4, r5, lr}
 309              	.LCFI8:
ARM GAS  C:\Users\kotaro\AppData\Local\Temp\ccCgwptk.s 			page 9


 310              		.cfi_def_cfa_offset 12
 311              		.cfi_offset 4, -12
 312              		.cfi_offset 5, -8
 313              		.cfi_offset 14, -4
 314 0002 83B0     		sub	sp, sp, #12
 315              	.LCFI9:
 316              		.cfi_def_cfa_offset 24
 317 0004 0446     		mov	r4, r0
 153:Src/spi.c     ****   uint8_t address,val_1;
 154:Src/spi.c     ****   int16_t val_2;
 155:Src/spi.c     ****   HAL_GPIO_WritePin(gyro_cs_GPIO_Port,gyro_cs_Pin,GPIO_PIN_RESET);
 318              		.loc 1 155 0
 319 0006 134D     		ldr	r5, .L28
 320 0008 0022     		movs	r2, #0
 321 000a 4FF48051 		mov	r1, #4096
 322 000e 2846     		mov	r0, r5
 323              	.LVL17:
 324 0010 FFF7FEFF 		bl	HAL_GPIO_WritePin
 325              	.LVL18:
 156:Src/spi.c     ****   address = reg | SETTING ;
 326              		.loc 1 156 0
 327 0014 64F07F04 		orn	r4, r4, #127
 328 0018 02A9     		add	r1, sp, #8
 329 001a 01F8014D 		strb	r4, [r1, #-1]!
 157:Src/spi.c     ****   //HAL_SPI_TransmitReceive(&hspi2,&address,&val_1,1,100); //not work
 158:Src/spi.c     ****   HAL_SPI_Transmit(&hspi2,&address,1,100);
 330              		.loc 1 158 0
 331 001e 0E4C     		ldr	r4, .L28+4
 332 0020 6423     		movs	r3, #100
 333 0022 0122     		movs	r2, #1
 334 0024 2046     		mov	r0, r4
 335 0026 FFF7FEFF 		bl	HAL_SPI_Transmit
 336              	.LVL19:
 159:Src/spi.c     ****   HAL_SPI_Receive(&hspi2,&val_1,1,100);
 337              		.loc 1 159 0
 338 002a 6423     		movs	r3, #100
 339 002c 0122     		movs	r2, #1
 340 002e 0DF10601 		add	r1, sp, #6
 341 0032 2046     		mov	r0, r4
 342 0034 FFF7FEFF 		bl	HAL_SPI_Receive
 343              	.LVL20:
 160:Src/spi.c     ****   val_2 = (int16_t)(val_1 << 8);
 344              		.loc 1 160 0
 345 0038 9DF80640 		ldrb	r4, [sp, #6]	@ zero_extendqisi2
 346 003c 2402     		lsls	r4, r4, #8
 347 003e 24B2     		sxth	r4, r4
 348              	.LVL21:
 161:Src/spi.c     ****   HAL_GPIO_WritePin(gyro_cs_GPIO_Port,gyro_cs_Pin,GPIO_PIN_SET);
 349              		.loc 1 161 0
 350 0040 0122     		movs	r2, #1
 351 0042 4FF48051 		mov	r1, #4096
 352 0046 2846     		mov	r0, r5
 353 0048 FFF7FEFF 		bl	HAL_GPIO_WritePin
 354              	.LVL22:
 162:Src/spi.c     ****   return val_2;
 163:Src/spi.c     **** }
 355              		.loc 1 163 0
ARM GAS  C:\Users\kotaro\AppData\Local\Temp\ccCgwptk.s 			page 10


 356 004c 2046     		mov	r0, r4
 357 004e 03B0     		add	sp, sp, #12
 358              	.LCFI10:
 359              		.cfi_def_cfa_offset 12
 360              		@ sp needed
 361 0050 30BD     		pop	{r4, r5, pc}
 362              	.LVL23:
 363              	.L29:
 364 0052 00BF     		.align	2
 365              	.L28:
 366 0054 00040240 		.word	1073873920
 367 0058 00000000 		.word	hspi2
 368              		.cfi_endproc
 369              	.LFE130:
 371              		.section	.text.write_byte,"ax",%progbits
 372              		.align	1
 373              		.global	write_byte
 374              		.syntax unified
 375              		.thumb
 376              		.thumb_func
 377              		.fpu fpv4-sp-d16
 379              	write_byte:
 380              	.LFB131:
 164:Src/spi.c     **** 
 165:Src/spi.c     **** 
 166:Src/spi.c     **** /**************************************************************
 167:Src/spi.c     ****  * Overview : spi write 1byte
 168:Src/spi.c     ****  * Argument : register
 169:Src/spi.c     ****  * Return : 
 170:Src/spi.c     ****  *************************************************************/
 171:Src/spi.c     **** void write_byte( uint8_t reg,uint8_t val){
 381              		.loc 1 171 0
 382              		.cfi_startproc
 383              		@ args = 0, pretend = 0, frame = 16
 384              		@ frame_needed = 0, uses_anonymous_args = 0
 385              	.LVL24:
 386 0000 70B5     		push	{r4, r5, r6, lr}
 387              	.LCFI11:
 388              		.cfi_def_cfa_offset 16
 389              		.cfi_offset 4, -16
 390              		.cfi_offset 5, -12
 391              		.cfi_offset 6, -8
 392              		.cfi_offset 14, -4
 393 0002 84B0     		sub	sp, sp, #16
 394              	.LCFI12:
 395              		.cfi_def_cfa_offset 32
 396 0004 8DF80710 		strb	r1, [sp, #7]
 172:Src/spi.c     ****   uint8_t ret;
 173:Src/spi.c     ****   ret = reg & 0x7F;
 397              		.loc 1 173 0
 398 0008 00F07F00 		and	r0, r0, #127
 399              	.LVL25:
 400 000c 04AC     		add	r4, sp, #16
 401 000e 04F8010D 		strb	r0, [r4, #-1]!
 174:Src/spi.c     ****   HAL_GPIO_WritePin(gyro_cs_GPIO_Port,gyro_cs_Pin,GPIO_PIN_RESET);
 402              		.loc 1 174 0
 403 0012 0E4D     		ldr	r5, .L32
ARM GAS  C:\Users\kotaro\AppData\Local\Temp\ccCgwptk.s 			page 11


 404 0014 0022     		movs	r2, #0
 405 0016 4FF48051 		mov	r1, #4096
 406              	.LVL26:
 407 001a 2846     		mov	r0, r5
 408 001c FFF7FEFF 		bl	HAL_GPIO_WritePin
 409              	.LVL27:
 175:Src/spi.c     ****   HAL_SPI_Transmit(&hspi2,&ret,1,100);
 410              		.loc 1 175 0
 411 0020 0B4E     		ldr	r6, .L32+4
 412 0022 6423     		movs	r3, #100
 413 0024 0122     		movs	r2, #1
 414 0026 2146     		mov	r1, r4
 415 0028 3046     		mov	r0, r6
 416 002a FFF7FEFF 		bl	HAL_SPI_Transmit
 417              	.LVL28:
 176:Src/spi.c     ****   HAL_SPI_Transmit(&hspi2,&val,1,100);
 418              		.loc 1 176 0
 419 002e 6423     		movs	r3, #100
 420 0030 0122     		movs	r2, #1
 421 0032 0DF10701 		add	r1, sp, #7
 422 0036 3046     		mov	r0, r6
 423 0038 FFF7FEFF 		bl	HAL_SPI_Transmit
 424              	.LVL29:
 177:Src/spi.c     ****   HAL_GPIO_WritePin(gyro_cs_GPIO_Port,gyro_cs_Pin,GPIO_PIN_SET);
 425              		.loc 1 177 0
 426 003c 0122     		movs	r2, #1
 427 003e 4FF48051 		mov	r1, #4096
 428 0042 2846     		mov	r0, r5
 429 0044 FFF7FEFF 		bl	HAL_GPIO_WritePin
 430              	.LVL30:
 178:Src/spi.c     **** }
 431              		.loc 1 178 0
 432 0048 04B0     		add	sp, sp, #16
 433              	.LCFI13:
 434              		.cfi_def_cfa_offset 16
 435              		@ sp needed
 436 004a 70BD     		pop	{r4, r5, r6, pc}
 437              	.L33:
 438              		.align	2
 439              	.L32:
 440 004c 00040240 		.word	1073873920
 441 0050 00000000 		.word	hspi2
 442              		.cfi_endproc
 443              	.LFE131:
 445              		.section	.text.set_mpu6500,"ax",%progbits
 446              		.align	1
 447              		.global	set_mpu6500
 448              		.syntax unified
 449              		.thumb
 450              		.thumb_func
 451              		.fpu fpv4-sp-d16
 453              	set_mpu6500:
 454              	.LFB132:
 179:Src/spi.c     **** 
 180:Src/spi.c     **** 
 181:Src/spi.c     **** /****************************************************************
 182:Src/spi.c     ****  * Overview : set up mpu6500
ARM GAS  C:\Users\kotaro\AppData\Local\Temp\ccCgwptk.s 			page 12


 183:Src/spi.c     ****  * argument : void
 184:Src/spi.c     ****  * return   : void
 185:Src/spi.c     ****  ****************************************************************/
 186:Src/spi.c     **** void set_mpu6500(void){
 455              		.loc 1 186 0
 456              		.cfi_startproc
 457              		@ args = 0, pretend = 0, frame = 0
 458              		@ frame_needed = 0, uses_anonymous_args = 0
 459 0000 10B5     		push	{r4, lr}
 460              	.LCFI14:
 461              		.cfi_def_cfa_offset 8
 462              		.cfi_offset 4, -8
 463              		.cfi_offset 14, -4
 187:Src/spi.c     ****   uint8_t val;
 188:Src/spi.c     ****   val = read_byte(WHO_AM_I);
 464              		.loc 1 188 0
 465 0002 7520     		movs	r0, #117
 466 0004 FFF7FEFF 		bl	read_byte
 467              	.LVL31:
 468 0008 0446     		mov	r4, r0
 469              	.LVL32:
 189:Src/spi.c     ****   printf("\r\nI am 0x%x\r\n",val );
 470              		.loc 1 189 0
 471 000a 0146     		mov	r1, r0
 472 000c 0D48     		ldr	r0, .L38
 473              	.LVL33:
 474 000e FFF7FEFF 		bl	printf
 475              	.LVL34:
 190:Src/spi.c     ****   if(val != Certain){
 476              		.loc 1 190 0
 477 0012 702C     		cmp	r4, #112
 478 0014 08D0     		beq	.L35
 479              	.L36:
 191:Src/spi.c     ****     while(1){
 192:Src/spi.c     ****     All_LED_ON();
 480              		.loc 1 192 0 discriminator 1
 481 0016 FFF7FEFF 		bl	All_LED_ON
 482              	.LVL35:
 193:Src/spi.c     ****     HAL_Delay(1000);
 483              		.loc 1 193 0 discriminator 1
 484 001a 4FF47A70 		mov	r0, #1000
 485 001e FFF7FEFF 		bl	HAL_Delay
 486              	.LVL36:
 194:Src/spi.c     ****     All_LED_OFF();
 487              		.loc 1 194 0 discriminator 1
 488 0022 FFF7FEFF 		bl	All_LED_OFF
 489              	.LVL37:
 490 0026 F6E7     		b	.L36
 491              	.L35:
 195:Src/spi.c     ****     }
 196:Src/spi.c     ****   }
 197:Src/spi.c     ****   
 198:Src/spi.c     ****   write_byte(PWR_MGMT_1,0x00);
 492              		.loc 1 198 0
 493 0028 0021     		movs	r1, #0
 494 002a 6B20     		movs	r0, #107
 495 002c FFF7FEFF 		bl	write_byte
ARM GAS  C:\Users\kotaro\AppData\Local\Temp\ccCgwptk.s 			page 13


 496              	.LVL38:
 199:Src/spi.c     ****   write_byte(CONFIG,0x00);
 497              		.loc 1 199 0
 498 0030 0021     		movs	r1, #0
 499 0032 1A20     		movs	r0, #26
 500 0034 FFF7FEFF 		bl	write_byte
 501              	.LVL39:
 200:Src/spi.c     ****   write_byte(GYRO_CONFIG,0x18);
 502              		.loc 1 200 0
 503 0038 1821     		movs	r1, #24
 504 003a 1B20     		movs	r0, #27
 505 003c FFF7FEFF 		bl	write_byte
 506              	.LVL40:
 201:Src/spi.c     **** }
 507              		.loc 1 201 0
 508 0040 10BD     		pop	{r4, pc}
 509              	.L39:
 510 0042 00BF     		.align	2
 511              	.L38:
 512 0044 00000000 		.word	.LC1
 513              		.cfi_endproc
 514              	.LFE132:
 516              		.section	.text.get_gyro,"ax",%progbits
 517              		.align	1
 518              		.global	get_gyro
 519              		.syntax unified
 520              		.thumb
 521              		.thumb_func
 522              		.fpu fpv4-sp-d16
 524              	get_gyro:
 525              	.LFB133:
 202:Src/spi.c     **** 
 203:Src/spi.c     **** 
 204:Src/spi.c     **** /*****************************************************************
 205:Src/spi.c     ****  * Overview : get gyro value
 206:Src/spi.c     ****  * argument : void
 207:Src/spi.c     ****  * Return   : degree (2000 deg/sec)
 208:Src/spi.c     ****  ****************************************************************/
 209:Src/spi.c     **** int16_t get_gyro(void){
 526              		.loc 1 209 0
 527              		.cfi_startproc
 528              		@ args = 0, pretend = 0, frame = 0
 529              		@ frame_needed = 0, uses_anonymous_args = 0
 530 0000 10B5     		push	{r4, lr}
 531              	.LCFI15:
 532              		.cfi_def_cfa_offset 8
 533              		.cfi_offset 4, -8
 534              		.cfi_offset 14, -4
 210:Src/spi.c     ****   int16_t gyro_z;
 211:Src/spi.c     ****   gyro_z = (int16_t)(read_shift_byte(GYRO_OUT_Z_H) | read_byte(GYRO_OUT_Z_L));
 535              		.loc 1 211 0
 536 0002 4720     		movs	r0, #71
 537 0004 FFF7FEFF 		bl	read_shift_byte
 538              	.LVL41:
 539 0008 0446     		mov	r4, r0
 540 000a 4820     		movs	r0, #72
 541 000c FFF7FEFF 		bl	read_byte
ARM GAS  C:\Users\kotaro\AppData\Local\Temp\ccCgwptk.s 			page 14


 542              	.LVL42:
 543 0010 00B2     		sxth	r0, r0
 544 0012 2043     		orrs	r0, r0, r4
 545 0014 00B2     		sxth	r0, r0
 546              	.LVL43:
 212:Src/spi.c     ****   gyro_z -= gyro.offset;
 547              		.loc 1 212 0
 548 0016 024B     		ldr	r3, .L42
 549 0018 5C68     		ldr	r4, [r3, #4]
 550 001a 001B     		subs	r0, r0, r4
 551              	.LVL44:
 213:Src/spi.c     ****   return gyro_z;
 214:Src/spi.c     **** }
 552              		.loc 1 214 0
 553 001c 00B2     		sxth	r0, r0
 554 001e 10BD     		pop	{r4, pc}
 555              	.L43:
 556              		.align	2
 557              	.L42:
 558 0020 00000000 		.word	gyro
 559              		.cfi_endproc
 560              	.LFE133:
 562              		.section	.text.gyro_offset_calc_reset,"ax",%progbits
 563              		.align	1
 564              		.global	gyro_offset_calc_reset
 565              		.syntax unified
 566              		.thumb
 567              		.thumb_func
 568              		.fpu fpv4-sp-d16
 570              	gyro_offset_calc_reset:
 571              	.LFB135:
 215:Src/spi.c     **** 
 216:Src/spi.c     **** void Update_gyro(int flag){
 217:Src/spi.c     ****   if(flag == true){
 218:Src/spi.c     ****     gyro.velocity = (float)get_gyro()/GYRO_FACTOR;
 219:Src/spi.c     ****     gyro.degree += gyro.velocity * dt;
 220:Src/spi.c     ****   }else{
 221:Src/spi.c     ****     gyro_offset_calc();
 222:Src/spi.c     ****   }
 223:Src/spi.c     **** }
 224:Src/spi.c     **** /*****************************************************************
 225:Src/spi.c     ****  * Overview : reset gyro offset variable
 226:Src/spi.c     ****  * argument : void
 227:Src/spi.c     ****  * Return   : void
 228:Src/spi.c     ****  ****************************************************************/
 229:Src/spi.c     **** void gyro_offset_calc_reset(void){
 572              		.loc 1 229 0
 573              		.cfi_startproc
 574              		@ args = 0, pretend = 0, frame = 0
 575              		@ frame_needed = 0, uses_anonymous_args = 0
 576              		@ link register save eliminated.
 230:Src/spi.c     ****   gyro.offset = 0;
 577              		.loc 1 230 0
 578 0000 044B     		ldr	r3, .L45
 579 0002 0022     		movs	r2, #0
 580 0004 5A60     		str	r2, [r3, #4]
 231:Src/spi.c     ****   gyro.offset_cnt = 0;
ARM GAS  C:\Users\kotaro\AppData\Local\Temp\ccCgwptk.s 			page 15


 581              		.loc 1 231 0
 582 0006 1A80     		strh	r2, [r3]	@ movhi
 232:Src/spi.c     ****   flag.gyro_calc = false;
 583              		.loc 1 232 0
 584 0008 0349     		ldr	r1, .L45+4
 585 000a 0A70     		strb	r2, [r1]
 233:Src/spi.c     **** 
 234:Src/spi.c     ****   gyro.degree = 0;
 586              		.loc 1 234 0
 587 000c 0022     		movs	r2, #0
 588 000e DA60     		str	r2, [r3, #12]	@ float
 235:Src/spi.c     ****   gyro.befor = 0;
 589              		.loc 1 235 0
 590 0010 9A60     		str	r2, [r3, #8]	@ float
 236:Src/spi.c     **** }
 591              		.loc 1 236 0
 592 0012 7047     		bx	lr
 593              	.L46:
 594              		.align	2
 595              	.L45:
 596 0014 00000000 		.word	gyro
 597 0018 00000000 		.word	flag
 598              		.cfi_endproc
 599              	.LFE135:
 601              		.section	.text.gyro_offset_calc,"ax",%progbits
 602              		.align	1
 603              		.global	gyro_offset_calc
 604              		.syntax unified
 605              		.thumb
 606              		.thumb_func
 607              		.fpu fpv4-sp-d16
 609              	gyro_offset_calc:
 610              	.LFB136:
 237:Src/spi.c     **** 
 238:Src/spi.c     **** /*****************************************************************
 239:Src/spi.c     ****  * Overview : calculate gyro offset
 240:Src/spi.c     ****  * argument : void
 241:Src/spi.c     ****  * Return   : void
 242:Src/spi.c     ****  ****************************************************************/
 243:Src/spi.c     **** void gyro_offset_calc(void){
 611              		.loc 1 243 0
 612              		.cfi_startproc
 613              		@ args = 0, pretend = 0, frame = 0
 614              		@ frame_needed = 0, uses_anonymous_args = 0
 615 0000 10B5     		push	{r4, lr}
 616              	.LCFI16:
 617              		.cfi_def_cfa_offset 8
 618              		.cfi_offset 4, -8
 619              		.cfi_offset 14, -4
 244:Src/spi.c     ****   int16_t gyro_z;
 245:Src/spi.c     **** 
 246:Src/spi.c     ****   gyro_z = (int16_t)(read_shift_byte(GYRO_OUT_Z_H) | read_byte(GYRO_OUT_Z_L));
 620              		.loc 1 246 0
 621 0002 4720     		movs	r0, #71
 622 0004 FFF7FEFF 		bl	read_shift_byte
 623              	.LVL45:
 624 0008 0446     		mov	r4, r0
ARM GAS  C:\Users\kotaro\AppData\Local\Temp\ccCgwptk.s 			page 16


 625 000a 4820     		movs	r0, #72
 626 000c FFF7FEFF 		bl	read_byte
 627              	.LVL46:
 628 0010 00B2     		sxth	r0, r0
 629 0012 0443     		orrs	r4, r4, r0
 630              	.LVL47:
 247:Src/spi.c     **** 
 248:Src/spi.c     ****   if(gyro.offset_cnt<1023){
 631              		.loc 1 248 0
 632 0014 0E4B     		ldr	r3, .L52
 633 0016 B3F90030 		ldrsh	r3, [r3]
 634 001a 40F2FE32 		movw	r2, #1022
 635 001e 9342     		cmp	r3, r2
 636 0020 0DDD     		ble	.L51
 249:Src/spi.c     ****     gyro.offset += gyro_z;
 250:Src/spi.c     ****     gyro.offset_cnt++;
 251:Src/spi.c     ****   }else{
 252:Src/spi.c     ****     gyro.offset /= 1023;
 637              		.loc 1 252 0
 638 0022 0B49     		ldr	r1, .L52
 639 0024 4B68     		ldr	r3, [r1, #4]
 640 0026 0B4A     		ldr	r2, .L52+4
 641 0028 82FB0302 		smull	r0, r2, r2, r3
 642 002c 1A44     		add	r2, r2, r3
 643 002e DB17     		asrs	r3, r3, #31
 644 0030 C3EB6223 		rsb	r3, r3, r2, asr #9
 645 0034 4B60     		str	r3, [r1, #4]
 253:Src/spi.c     ****     flag.gyro_calc = true;
 646              		.loc 1 253 0
 647 0036 084B     		ldr	r3, .L52+8
 648 0038 0122     		movs	r2, #1
 649 003a 1A70     		strb	r2, [r3]
 650              	.LVL48:
 651              	.L47:
 254:Src/spi.c     ****   }
 255:Src/spi.c     **** }
 652              		.loc 1 255 0
 653 003c 10BD     		pop	{r4, pc}
 654              	.LVL49:
 655              	.L51:
 656 003e 24B2     		sxth	r4, r4
 249:Src/spi.c     ****     gyro.offset_cnt++;
 657              		.loc 1 249 0
 658 0040 034A     		ldr	r2, .L52
 659 0042 5168     		ldr	r1, [r2, #4]
 660 0044 0C44     		add	r4, r4, r1
 661              	.LVL50:
 662 0046 5460     		str	r4, [r2, #4]
 250:Src/spi.c     ****   }else{
 663              		.loc 1 250 0
 664 0048 0133     		adds	r3, r3, #1
 665 004a 1380     		strh	r3, [r2]	@ movhi
 666 004c F6E7     		b	.L47
 667              	.L53:
 668 004e 00BF     		.align	2
 669              	.L52:
 670 0050 00000000 		.word	gyro
ARM GAS  C:\Users\kotaro\AppData\Local\Temp\ccCgwptk.s 			page 17


 671 0054 03082080 		.word	-2145384445
 672 0058 00000000 		.word	flag
 673              		.cfi_endproc
 674              	.LFE136:
 676              		.section	.text.Update_gyro,"ax",%progbits
 677              		.align	1
 678              		.global	Update_gyro
 679              		.syntax unified
 680              		.thumb
 681              		.thumb_func
 682              		.fpu fpv4-sp-d16
 684              	Update_gyro:
 685              	.LFB134:
 216:Src/spi.c     ****   if(flag == true){
 686              		.loc 1 216 0
 687              		.cfi_startproc
 688              		@ args = 0, pretend = 0, frame = 0
 689              		@ frame_needed = 0, uses_anonymous_args = 0
 690              	.LVL51:
 691 0000 08B5     		push	{r3, lr}
 692              	.LCFI17:
 693              		.cfi_def_cfa_offset 8
 694              		.cfi_offset 3, -8
 695              		.cfi_offset 14, -4
 217:Src/spi.c     ****     gyro.velocity = (float)get_gyro()/GYRO_FACTOR;
 696              		.loc 1 217 0
 697 0002 0128     		cmp	r0, #1
 698 0004 02D0     		beq	.L58
 221:Src/spi.c     ****   }
 699              		.loc 1 221 0
 700 0006 FFF7FEFF 		bl	gyro_offset_calc
 701              	.LVL52:
 702              	.L54:
 223:Src/spi.c     **** /*****************************************************************
 703              		.loc 1 223 0
 704 000a 08BD     		pop	{r3, pc}
 705              	.LVL53:
 706              	.L58:
 218:Src/spi.c     ****     gyro.degree += gyro.velocity * dt;
 707              		.loc 1 218 0
 708 000c FFF7FEFF 		bl	get_gyro
 709              	.LVL54:
 710 0010 07EE900A 		vmov	s15, r0	@ int
 711 0014 F8EEE76A 		vcvt.f32.s32	s13, s15
 712 0018 9FED087A 		vldr.32	s14, .L59
 713 001c C6EE877A 		vdiv.f32	s15, s13, s14
 714 0020 074B     		ldr	r3, .L59+4
 715 0022 C3ED047A 		vstr.32	s15, [r3, #16]
 219:Src/spi.c     ****   }else{
 716              		.loc 1 219 0
 717 0026 9FED077A 		vldr.32	s14, .L59+8
 718 002a 67EE877A 		vmul.f32	s15, s15, s14
 719 002e 93ED037A 		vldr.32	s14, [r3, #12]
 720 0032 77EE277A 		vadd.f32	s15, s14, s15
 721 0036 C3ED037A 		vstr.32	s15, [r3, #12]
 722 003a E6E7     		b	.L54
 723              	.L60:
ARM GAS  C:\Users\kotaro\AppData\Local\Temp\ccCgwptk.s 			page 18


 724              		.align	2
 725              	.L59:
 726 003c 33338341 		.word	1099117363
 727 0040 00000000 		.word	gyro
 728 0044 6F12833A 		.word	981668463
 729              		.cfi_endproc
 730              	.LFE134:
 732              		.comm	hspi2,88,4
 733              		.section	.rodata.MX_SPI2_Init.str1.4,"aMS",%progbits,1
 734              		.align	2
 735              	.LC0:
 736 0000 5372632F 		.ascii	"Src/spi.c\000"
 736      7370692E 
 736      6300
 737              		.section	.rodata.set_mpu6500.str1.4,"aMS",%progbits,1
 738              		.align	2
 739              	.LC1:
 740 0000 0D0A4920 		.ascii	"\015\012I am 0x%x\015\012\000"
 740      616D2030 
 740      7825780D 
 740      0A00
 741              		.text
 742              	.Letext0:
 743              		.file 2 "c:\\program files (x86)\\gnu tools arm embedded\\7 2017-q4-major\\arm-none-eabi\\include\
 744              		.file 3 "c:\\program files (x86)\\gnu tools arm embedded\\7 2017-q4-major\\arm-none-eabi\\include\
 745              		.file 4 "Drivers/CMSIS/Include/core_cm4.h"
 746              		.file 5 "Drivers/CMSIS/Device/ST/STM32F4xx/Include/system_stm32f4xx.h"
 747              		.file 6 "Drivers/CMSIS/Device/ST/STM32F4xx/Include/stm32f405xx.h"
 748              		.file 7 "c:\\program files (x86)\\gnu tools arm embedded\\7 2017-q4-major\\arm-none-eabi\\include\
 749              		.file 8 "c:\\program files (x86)\\gnu tools arm embedded\\7 2017-q4-major\\arm-none-eabi\\include\
 750              		.file 9 "c:\\program files (x86)\\gnu tools arm embedded\\7 2017-q4-major\\lib\\gcc\\arm-none-eabi
 751              		.file 10 "c:\\program files (x86)\\gnu tools arm embedded\\7 2017-q4-major\\arm-none-eabi\\include
 752              		.file 11 "Drivers/STM32F4xx_HAL_Driver/Inc/stm32f4xx_hal_def.h"
 753              		.file 12 "Drivers/STM32F4xx_HAL_Driver/Inc/stm32f4xx_hal_gpio.h"
 754              		.file 13 "Drivers/STM32F4xx_HAL_Driver/Inc/stm32f4xx_hal_dma.h"
 755              		.file 14 "Drivers/STM32F4xx_HAL_Driver/Inc/stm32f4xx_hal_spi.h"
 756              		.file 15 "Inc/spi.h"
 757              		.file 16 "Inc/global.h"
 758              		.file 17 "c:\\program files (x86)\\gnu tools arm embedded\\7 2017-q4-major\\arm-none-eabi\\include
 759              		.file 18 "Inc/gpio.h"
 760              		.file 19 "Drivers/STM32F4xx_HAL_Driver/Inc/stm32f4xx_hal.h"
ARM GAS  C:\Users\kotaro\AppData\Local\Temp\ccCgwptk.s 			page 19


DEFINED SYMBOLS
                            *ABS*:00000000 spi.c
C:\Users\kotaro\AppData\Local\Temp\ccCgwptk.s:18     .text.MX_SPI2_Init:00000000 $t
C:\Users\kotaro\AppData\Local\Temp\ccCgwptk.s:25     .text.MX_SPI2_Init:00000000 MX_SPI2_Init
C:\Users\kotaro\AppData\Local\Temp\ccCgwptk.s:85     .text.MX_SPI2_Init:0000003c $d
                            *COM*:00000058 hspi2
C:\Users\kotaro\AppData\Local\Temp\ccCgwptk.s:92     .text.HAL_SPI_MspInit:00000000 $t
C:\Users\kotaro\AppData\Local\Temp\ccCgwptk.s:99     .text.HAL_SPI_MspInit:00000000 HAL_SPI_MspInit
C:\Users\kotaro\AppData\Local\Temp\ccCgwptk.s:163    .text.HAL_SPI_MspInit:0000004c $d
C:\Users\kotaro\AppData\Local\Temp\ccCgwptk.s:169    .text.HAL_SPI_MspDeInit:00000000 $t
C:\Users\kotaro\AppData\Local\Temp\ccCgwptk.s:176    .text.HAL_SPI_MspDeInit:00000000 HAL_SPI_MspDeInit
C:\Users\kotaro\AppData\Local\Temp\ccCgwptk.s:215    .text.HAL_SPI_MspDeInit:00000024 $d
C:\Users\kotaro\AppData\Local\Temp\ccCgwptk.s:222    .text.read_byte:00000000 $t
C:\Users\kotaro\AppData\Local\Temp\ccCgwptk.s:229    .text.read_byte:00000000 read_byte
C:\Users\kotaro\AppData\Local\Temp\ccCgwptk.s:288    .text.read_byte:0000004c $d
C:\Users\kotaro\AppData\Local\Temp\ccCgwptk.s:294    .text.read_shift_byte:00000000 $t
C:\Users\kotaro\AppData\Local\Temp\ccCgwptk.s:301    .text.read_shift_byte:00000000 read_shift_byte
C:\Users\kotaro\AppData\Local\Temp\ccCgwptk.s:366    .text.read_shift_byte:00000054 $d
C:\Users\kotaro\AppData\Local\Temp\ccCgwptk.s:372    .text.write_byte:00000000 $t
C:\Users\kotaro\AppData\Local\Temp\ccCgwptk.s:379    .text.write_byte:00000000 write_byte
C:\Users\kotaro\AppData\Local\Temp\ccCgwptk.s:440    .text.write_byte:0000004c $d
C:\Users\kotaro\AppData\Local\Temp\ccCgwptk.s:446    .text.set_mpu6500:00000000 $t
C:\Users\kotaro\AppData\Local\Temp\ccCgwptk.s:453    .text.set_mpu6500:00000000 set_mpu6500
C:\Users\kotaro\AppData\Local\Temp\ccCgwptk.s:512    .text.set_mpu6500:00000044 $d
C:\Users\kotaro\AppData\Local\Temp\ccCgwptk.s:517    .text.get_gyro:00000000 $t
C:\Users\kotaro\AppData\Local\Temp\ccCgwptk.s:524    .text.get_gyro:00000000 get_gyro
C:\Users\kotaro\AppData\Local\Temp\ccCgwptk.s:558    .text.get_gyro:00000020 $d
C:\Users\kotaro\AppData\Local\Temp\ccCgwptk.s:563    .text.gyro_offset_calc_reset:00000000 $t
C:\Users\kotaro\AppData\Local\Temp\ccCgwptk.s:570    .text.gyro_offset_calc_reset:00000000 gyro_offset_calc_reset
C:\Users\kotaro\AppData\Local\Temp\ccCgwptk.s:596    .text.gyro_offset_calc_reset:00000014 $d
C:\Users\kotaro\AppData\Local\Temp\ccCgwptk.s:602    .text.gyro_offset_calc:00000000 $t
C:\Users\kotaro\AppData\Local\Temp\ccCgwptk.s:609    .text.gyro_offset_calc:00000000 gyro_offset_calc
C:\Users\kotaro\AppData\Local\Temp\ccCgwptk.s:670    .text.gyro_offset_calc:00000050 $d
C:\Users\kotaro\AppData\Local\Temp\ccCgwptk.s:677    .text.Update_gyro:00000000 $t
C:\Users\kotaro\AppData\Local\Temp\ccCgwptk.s:684    .text.Update_gyro:00000000 Update_gyro
C:\Users\kotaro\AppData\Local\Temp\ccCgwptk.s:726    .text.Update_gyro:0000003c $d
C:\Users\kotaro\AppData\Local\Temp\ccCgwptk.s:734    .rodata.MX_SPI2_Init.str1.4:00000000 $d
C:\Users\kotaro\AppData\Local\Temp\ccCgwptk.s:738    .rodata.set_mpu6500.str1.4:00000000 $d

UNDEFINED SYMBOLS
HAL_SPI_Init
_Error_Handler
HAL_GPIO_Init
HAL_GPIO_DeInit
HAL_GPIO_WritePin
HAL_SPI_Transmit
HAL_SPI_Receive
printf
All_LED_ON
HAL_Delay
All_LED_OFF
gyro
flag
