ARM GAS  C:\Users\kotaro\AppData\Local\Temp\ccWSZ4pk.s 			page 1


   1              		.cpu cortex-m4
   2              		.eabi_attribute 27, 1
   3              		.eabi_attribute 28, 1
   4              		.eabi_attribute 20, 1
   5              		.eabi_attribute 21, 1
   6              		.eabi_attribute 23, 3
   7              		.eabi_attribute 24, 1
   8              		.eabi_attribute 25, 1
   9              		.eabi_attribute 26, 1
  10              		.eabi_attribute 30, 1
  11              		.eabi_attribute 34, 1
  12              		.eabi_attribute 18, 4
  13              		.file	"stm32f4xx_it.c"
  14              		.text
  15              	.Ltext0:
  16              		.cfi_sections	.debug_frame
  17              		.section	.text.NMI_Handler,"ax",%progbits
  18              		.align	1
  19              		.global	NMI_Handler
  20              		.syntax unified
  21              		.thumb
  22              		.thumb_func
  23              		.fpu fpv4-sp-d16
  25              	NMI_Handler:
  26              	.LFB126:
  27              		.file 1 "Src/stm32f4xx_it.c"
   1:Src/stm32f4xx_it.c **** /**
   2:Src/stm32f4xx_it.c ****   ******************************************************************************
   3:Src/stm32f4xx_it.c ****   * @file    stm32f4xx_it.c
   4:Src/stm32f4xx_it.c ****   * @brief   Interrupt Service Routines.
   5:Src/stm32f4xx_it.c ****   ******************************************************************************
   6:Src/stm32f4xx_it.c ****   *
   7:Src/stm32f4xx_it.c ****   * COPYRIGHT(c) 2018 STMicroelectronics
   8:Src/stm32f4xx_it.c ****   *
   9:Src/stm32f4xx_it.c ****   * Redistribution and use in source and binary forms, with or without modification,
  10:Src/stm32f4xx_it.c ****   * are permitted provided that the following conditions are met:
  11:Src/stm32f4xx_it.c ****   *   1. Redistributions of source code must retain the above copyright notice,
  12:Src/stm32f4xx_it.c ****   *      this list of conditions and the following disclaimer.
  13:Src/stm32f4xx_it.c ****   *   2. Redistributions in binary form must reproduce the above copyright notice,
  14:Src/stm32f4xx_it.c ****   *      this list of conditions and the following disclaimer in the documentation
  15:Src/stm32f4xx_it.c ****   *      and/or other materials provided with the distribution.
  16:Src/stm32f4xx_it.c ****   *   3. Neither the name of STMicroelectronics nor the names of its contributors
  17:Src/stm32f4xx_it.c ****   *      may be used to endorse or promote products derived from this software
  18:Src/stm32f4xx_it.c ****   *      without specific prior written permission.
  19:Src/stm32f4xx_it.c ****   *
  20:Src/stm32f4xx_it.c ****   * THIS SOFTWARE IS PROVIDED BY THE COPYRIGHT HOLDERS AND CONTRIBUTORS "AS IS"
  21:Src/stm32f4xx_it.c ****   * AND ANY EXPRESS OR IMPLIED WARRANTIES, INCLUDING, BUT NOT LIMITED TO, THE
  22:Src/stm32f4xx_it.c ****   * IMPLIED WARRANTIES OF MERCHANTABILITY AND FITNESS FOR A PARTICULAR PURPOSE ARE
  23:Src/stm32f4xx_it.c ****   * DISCLAIMED. IN NO EVENT SHALL THE COPYRIGHT HOLDER OR CONTRIBUTORS BE LIABLE
  24:Src/stm32f4xx_it.c ****   * FOR ANY DIRECT, INDIRECT, INCIDENTAL, SPECIAL, EXEMPLARY, OR CONSEQUENTIAL
  25:Src/stm32f4xx_it.c ****   * DAMAGES (INCLUDING, BUT NOT LIMITED TO, PROCUREMENT OF SUBSTITUTE GOODS OR
  26:Src/stm32f4xx_it.c ****   * SERVICES; LOSS OF USE, DATA, OR PROFITS; OR BUSINESS INTERRUPTION) HOWEVER
  27:Src/stm32f4xx_it.c ****   * CAUSED AND ON ANY THEORY OF LIABILITY, WHETHER IN CONTRACT, STRICT LIABILITY,
  28:Src/stm32f4xx_it.c ****   * OR TORT (INCLUDING NEGLIGENCE OR OTHERWISE) ARISING IN ANY WAY OUT OF THE USE
  29:Src/stm32f4xx_it.c ****   * OF THIS SOFTWARE, EVEN IF ADVISED OF THE POSSIBILITY OF SUCH DAMAGE.
  30:Src/stm32f4xx_it.c ****   *
  31:Src/stm32f4xx_it.c ****   ******************************************************************************
ARM GAS  C:\Users\kotaro\AppData\Local\Temp\ccWSZ4pk.s 			page 2


  32:Src/stm32f4xx_it.c ****   */
  33:Src/stm32f4xx_it.c **** /* Includes ------------------------------------------------------------------*/
  34:Src/stm32f4xx_it.c **** #include "stm32f4xx_hal.h"
  35:Src/stm32f4xx_it.c **** #include "stm32f4xx.h"
  36:Src/stm32f4xx_it.c **** #include "stm32f4xx_it.h"
  37:Src/stm32f4xx_it.c **** 
  38:Src/stm32f4xx_it.c **** /* USER CODE BEGIN 0 */
  39:Src/stm32f4xx_it.c **** #include "adc.h"
  40:Src/stm32f4xx_it.c **** #include "gpio.h"
  41:Src/stm32f4xx_it.c **** #include "spi.h"
  42:Src/stm32f4xx_it.c **** #include "tim.h"
  43:Src/stm32f4xx_it.c **** #include "global.h"
  44:Src/stm32f4xx_it.c **** #include "control.h"
  45:Src/stm32f4xx_it.c **** 
  46:Src/stm32f4xx_it.c **** /* USER CODE END 0 */
  47:Src/stm32f4xx_it.c **** 
  48:Src/stm32f4xx_it.c **** /* External variables --------------------------------------------------------*/
  49:Src/stm32f4xx_it.c **** extern TIM_HandleTypeDef htim5;
  50:Src/stm32f4xx_it.c **** 
  51:Src/stm32f4xx_it.c **** /******************************************************************************/
  52:Src/stm32f4xx_it.c **** /*            Cortex-M4 Processor Interruption and Exception Handlers         */ 
  53:Src/stm32f4xx_it.c **** /******************************************************************************/
  54:Src/stm32f4xx_it.c **** 
  55:Src/stm32f4xx_it.c **** /**
  56:Src/stm32f4xx_it.c **** * @brief This function handles Non maskable interrupt.
  57:Src/stm32f4xx_it.c **** */
  58:Src/stm32f4xx_it.c **** void NMI_Handler(void)
  59:Src/stm32f4xx_it.c **** {
  28              		.loc 1 59 0
  29              		.cfi_startproc
  30              		@ args = 0, pretend = 0, frame = 0
  31              		@ frame_needed = 0, uses_anonymous_args = 0
  32              		@ link register save eliminated.
  60:Src/stm32f4xx_it.c ****   /* USER CODE BEGIN NonMaskableInt_IRQn 0 */
  61:Src/stm32f4xx_it.c **** 
  62:Src/stm32f4xx_it.c ****   /* USER CODE END NonMaskableInt_IRQn 0 */
  63:Src/stm32f4xx_it.c ****   /* USER CODE BEGIN NonMaskableInt_IRQn 1 */
  64:Src/stm32f4xx_it.c **** 
  65:Src/stm32f4xx_it.c ****   /* USER CODE END NonMaskableInt_IRQn 1 */
  66:Src/stm32f4xx_it.c **** }
  33              		.loc 1 66 0
  34 0000 7047     		bx	lr
  35              		.cfi_endproc
  36              	.LFE126:
  38              		.section	.text.HardFault_Handler,"ax",%progbits
  39              		.align	1
  40              		.global	HardFault_Handler
  41              		.syntax unified
  42              		.thumb
  43              		.thumb_func
  44              		.fpu fpv4-sp-d16
  46              	HardFault_Handler:
  47              	.LFB127:
  67:Src/stm32f4xx_it.c **** 
  68:Src/stm32f4xx_it.c **** /**
  69:Src/stm32f4xx_it.c **** * @brief This function handles Hard fault interrupt.
  70:Src/stm32f4xx_it.c **** */
ARM GAS  C:\Users\kotaro\AppData\Local\Temp\ccWSZ4pk.s 			page 3


  71:Src/stm32f4xx_it.c **** void HardFault_Handler(void)
  72:Src/stm32f4xx_it.c **** {
  48              		.loc 1 72 0
  49              		.cfi_startproc
  50              		@ Volatile: function does not return.
  51              		@ args = 0, pretend = 0, frame = 0
  52              		@ frame_needed = 0, uses_anonymous_args = 0
  53              		@ link register save eliminated.
  54              	.L3:
  55 0000 FEE7     		b	.L3
  56              		.cfi_endproc
  57              	.LFE127:
  59              		.section	.text.MemManage_Handler,"ax",%progbits
  60              		.align	1
  61              		.global	MemManage_Handler
  62              		.syntax unified
  63              		.thumb
  64              		.thumb_func
  65              		.fpu fpv4-sp-d16
  67              	MemManage_Handler:
  68              	.LFB128:
  73:Src/stm32f4xx_it.c ****   /* USER CODE BEGIN HardFault_IRQn 0 */
  74:Src/stm32f4xx_it.c **** 
  75:Src/stm32f4xx_it.c ****   /* USER CODE END HardFault_IRQn 0 */
  76:Src/stm32f4xx_it.c ****   while (1)
  77:Src/stm32f4xx_it.c ****   {
  78:Src/stm32f4xx_it.c ****     /* USER CODE BEGIN W1_HardFault_IRQn 0 */
  79:Src/stm32f4xx_it.c ****     /* USER CODE END W1_HardFault_IRQn 0 */
  80:Src/stm32f4xx_it.c ****   }
  81:Src/stm32f4xx_it.c ****   /* USER CODE BEGIN HardFault_IRQn 1 */
  82:Src/stm32f4xx_it.c **** 
  83:Src/stm32f4xx_it.c ****   /* USER CODE END HardFault_IRQn 1 */
  84:Src/stm32f4xx_it.c **** }
  85:Src/stm32f4xx_it.c **** 
  86:Src/stm32f4xx_it.c **** /**
  87:Src/stm32f4xx_it.c **** * @brief This function handles Memory management fault.
  88:Src/stm32f4xx_it.c **** */
  89:Src/stm32f4xx_it.c **** void MemManage_Handler(void)
  90:Src/stm32f4xx_it.c **** {
  69              		.loc 1 90 0
  70              		.cfi_startproc
  71              		@ Volatile: function does not return.
  72              		@ args = 0, pretend = 0, frame = 0
  73              		@ frame_needed = 0, uses_anonymous_args = 0
  74              		@ link register save eliminated.
  75              	.L5:
  76 0000 FEE7     		b	.L5
  77              		.cfi_endproc
  78              	.LFE128:
  80              		.section	.text.BusFault_Handler,"ax",%progbits
  81              		.align	1
  82              		.global	BusFault_Handler
  83              		.syntax unified
  84              		.thumb
  85              		.thumb_func
  86              		.fpu fpv4-sp-d16
  88              	BusFault_Handler:
ARM GAS  C:\Users\kotaro\AppData\Local\Temp\ccWSZ4pk.s 			page 4


  89              	.LFB129:
  91:Src/stm32f4xx_it.c ****   /* USER CODE BEGIN MemoryManagement_IRQn 0 */
  92:Src/stm32f4xx_it.c **** 
  93:Src/stm32f4xx_it.c ****   /* USER CODE END MemoryManagement_IRQn 0 */
  94:Src/stm32f4xx_it.c ****   while (1)
  95:Src/stm32f4xx_it.c ****   {
  96:Src/stm32f4xx_it.c ****     /* USER CODE BEGIN W1_MemoryManagement_IRQn 0 */
  97:Src/stm32f4xx_it.c ****     /* USER CODE END W1_MemoryManagement_IRQn 0 */
  98:Src/stm32f4xx_it.c ****   }
  99:Src/stm32f4xx_it.c ****   /* USER CODE BEGIN MemoryManagement_IRQn 1 */
 100:Src/stm32f4xx_it.c **** 
 101:Src/stm32f4xx_it.c ****   /* USER CODE END MemoryManagement_IRQn 1 */
 102:Src/stm32f4xx_it.c **** }
 103:Src/stm32f4xx_it.c **** 
 104:Src/stm32f4xx_it.c **** /**
 105:Src/stm32f4xx_it.c **** * @brief This function handles Pre-fetch fault, memory access fault.
 106:Src/stm32f4xx_it.c **** */
 107:Src/stm32f4xx_it.c **** void BusFault_Handler(void)
 108:Src/stm32f4xx_it.c **** {
  90              		.loc 1 108 0
  91              		.cfi_startproc
  92              		@ Volatile: function does not return.
  93              		@ args = 0, pretend = 0, frame = 0
  94              		@ frame_needed = 0, uses_anonymous_args = 0
  95              		@ link register save eliminated.
  96              	.L7:
  97 0000 FEE7     		b	.L7
  98              		.cfi_endproc
  99              	.LFE129:
 101              		.section	.text.UsageFault_Handler,"ax",%progbits
 102              		.align	1
 103              		.global	UsageFault_Handler
 104              		.syntax unified
 105              		.thumb
 106              		.thumb_func
 107              		.fpu fpv4-sp-d16
 109              	UsageFault_Handler:
 110              	.LFB130:
 109:Src/stm32f4xx_it.c ****   /* USER CODE BEGIN BusFault_IRQn 0 */
 110:Src/stm32f4xx_it.c **** 
 111:Src/stm32f4xx_it.c ****   /* USER CODE END BusFault_IRQn 0 */
 112:Src/stm32f4xx_it.c ****   while (1)
 113:Src/stm32f4xx_it.c ****   {
 114:Src/stm32f4xx_it.c ****     /* USER CODE BEGIN W1_BusFault_IRQn 0 */
 115:Src/stm32f4xx_it.c ****     /* USER CODE END W1_BusFault_IRQn 0 */
 116:Src/stm32f4xx_it.c ****   }
 117:Src/stm32f4xx_it.c ****   /* USER CODE BEGIN BusFault_IRQn 1 */
 118:Src/stm32f4xx_it.c **** 
 119:Src/stm32f4xx_it.c ****   /* USER CODE END BusFault_IRQn 1 */
 120:Src/stm32f4xx_it.c **** }
 121:Src/stm32f4xx_it.c **** 
 122:Src/stm32f4xx_it.c **** /**
 123:Src/stm32f4xx_it.c **** * @brief This function handles Undefined instruction or illegal state.
 124:Src/stm32f4xx_it.c **** */
 125:Src/stm32f4xx_it.c **** void UsageFault_Handler(void)
 126:Src/stm32f4xx_it.c **** {
 111              		.loc 1 126 0
ARM GAS  C:\Users\kotaro\AppData\Local\Temp\ccWSZ4pk.s 			page 5


 112              		.cfi_startproc
 113              		@ Volatile: function does not return.
 114              		@ args = 0, pretend = 0, frame = 0
 115              		@ frame_needed = 0, uses_anonymous_args = 0
 116              		@ link register save eliminated.
 117              	.L9:
 118 0000 FEE7     		b	.L9
 119              		.cfi_endproc
 120              	.LFE130:
 122              		.section	.text.SVC_Handler,"ax",%progbits
 123              		.align	1
 124              		.global	SVC_Handler
 125              		.syntax unified
 126              		.thumb
 127              		.thumb_func
 128              		.fpu fpv4-sp-d16
 130              	SVC_Handler:
 131              	.LFB131:
 127:Src/stm32f4xx_it.c ****   /* USER CODE BEGIN UsageFault_IRQn 0 */
 128:Src/stm32f4xx_it.c **** 
 129:Src/stm32f4xx_it.c ****   /* USER CODE END UsageFault_IRQn 0 */
 130:Src/stm32f4xx_it.c ****   while (1)
 131:Src/stm32f4xx_it.c ****   {
 132:Src/stm32f4xx_it.c ****     /* USER CODE BEGIN W1_UsageFault_IRQn 0 */
 133:Src/stm32f4xx_it.c ****     /* USER CODE END W1_UsageFault_IRQn 0 */
 134:Src/stm32f4xx_it.c ****   }
 135:Src/stm32f4xx_it.c ****   /* USER CODE BEGIN UsageFault_IRQn 1 */
 136:Src/stm32f4xx_it.c **** 
 137:Src/stm32f4xx_it.c ****   /* USER CODE END UsageFault_IRQn 1 */
 138:Src/stm32f4xx_it.c **** }
 139:Src/stm32f4xx_it.c **** 
 140:Src/stm32f4xx_it.c **** /**
 141:Src/stm32f4xx_it.c **** * @brief This function handles System service call via SWI instruction.
 142:Src/stm32f4xx_it.c **** */
 143:Src/stm32f4xx_it.c **** void SVC_Handler(void)
 144:Src/stm32f4xx_it.c **** {
 132              		.loc 1 144 0
 133              		.cfi_startproc
 134              		@ args = 0, pretend = 0, frame = 0
 135              		@ frame_needed = 0, uses_anonymous_args = 0
 136              		@ link register save eliminated.
 145:Src/stm32f4xx_it.c ****   /* USER CODE BEGIN SVCall_IRQn 0 */
 146:Src/stm32f4xx_it.c **** 
 147:Src/stm32f4xx_it.c ****   /* USER CODE END SVCall_IRQn 0 */
 148:Src/stm32f4xx_it.c ****   /* USER CODE BEGIN SVCall_IRQn 1 */
 149:Src/stm32f4xx_it.c **** 
 150:Src/stm32f4xx_it.c ****   /* USER CODE END SVCall_IRQn 1 */
 151:Src/stm32f4xx_it.c **** }
 137              		.loc 1 151 0
 138 0000 7047     		bx	lr
 139              		.cfi_endproc
 140              	.LFE131:
 142              		.section	.text.DebugMon_Handler,"ax",%progbits
 143              		.align	1
 144              		.global	DebugMon_Handler
 145              		.syntax unified
 146              		.thumb
ARM GAS  C:\Users\kotaro\AppData\Local\Temp\ccWSZ4pk.s 			page 6


 147              		.thumb_func
 148              		.fpu fpv4-sp-d16
 150              	DebugMon_Handler:
 151              	.LFB132:
 152:Src/stm32f4xx_it.c **** 
 153:Src/stm32f4xx_it.c **** /**
 154:Src/stm32f4xx_it.c **** * @brief This function handles Debug monitor.
 155:Src/stm32f4xx_it.c **** */
 156:Src/stm32f4xx_it.c **** void DebugMon_Handler(void)
 157:Src/stm32f4xx_it.c **** {
 152              		.loc 1 157 0
 153              		.cfi_startproc
 154              		@ args = 0, pretend = 0, frame = 0
 155              		@ frame_needed = 0, uses_anonymous_args = 0
 156              		@ link register save eliminated.
 158:Src/stm32f4xx_it.c ****   /* USER CODE BEGIN DebugMonitor_IRQn 0 */
 159:Src/stm32f4xx_it.c **** 
 160:Src/stm32f4xx_it.c ****   /* USER CODE END DebugMonitor_IRQn 0 */
 161:Src/stm32f4xx_it.c ****   /* USER CODE BEGIN DebugMonitor_IRQn 1 */
 162:Src/stm32f4xx_it.c **** 
 163:Src/stm32f4xx_it.c ****   /* USER CODE END DebugMonitor_IRQn 1 */
 164:Src/stm32f4xx_it.c **** }
 157              		.loc 1 164 0
 158 0000 7047     		bx	lr
 159              		.cfi_endproc
 160              	.LFE132:
 162              		.section	.text.PendSV_Handler,"ax",%progbits
 163              		.align	1
 164              		.global	PendSV_Handler
 165              		.syntax unified
 166              		.thumb
 167              		.thumb_func
 168              		.fpu fpv4-sp-d16
 170              	PendSV_Handler:
 171              	.LFB133:
 165:Src/stm32f4xx_it.c **** 
 166:Src/stm32f4xx_it.c **** /**
 167:Src/stm32f4xx_it.c **** * @brief This function handles Pendable request for system service.
 168:Src/stm32f4xx_it.c **** */
 169:Src/stm32f4xx_it.c **** void PendSV_Handler(void)
 170:Src/stm32f4xx_it.c **** {
 172              		.loc 1 170 0
 173              		.cfi_startproc
 174              		@ args = 0, pretend = 0, frame = 0
 175              		@ frame_needed = 0, uses_anonymous_args = 0
 176              		@ link register save eliminated.
 171:Src/stm32f4xx_it.c ****   /* USER CODE BEGIN PendSV_IRQn 0 */
 172:Src/stm32f4xx_it.c **** 
 173:Src/stm32f4xx_it.c ****   /* USER CODE END PendSV_IRQn 0 */
 174:Src/stm32f4xx_it.c ****   /* USER CODE BEGIN PendSV_IRQn 1 */
 175:Src/stm32f4xx_it.c **** 
 176:Src/stm32f4xx_it.c ****   /* USER CODE END PendSV_IRQn 1 */
 177:Src/stm32f4xx_it.c **** }
 177              		.loc 1 177 0
 178 0000 7047     		bx	lr
 179              		.cfi_endproc
 180              	.LFE133:
ARM GAS  C:\Users\kotaro\AppData\Local\Temp\ccWSZ4pk.s 			page 7


 182              		.section	.text.SysTick_Handler,"ax",%progbits
 183              		.align	1
 184              		.global	SysTick_Handler
 185              		.syntax unified
 186              		.thumb
 187              		.thumb_func
 188              		.fpu fpv4-sp-d16
 190              	SysTick_Handler:
 191              	.LFB134:
 178:Src/stm32f4xx_it.c **** 
 179:Src/stm32f4xx_it.c **** /**
 180:Src/stm32f4xx_it.c **** * @brief This function handles System tick timer.
 181:Src/stm32f4xx_it.c **** */
 182:Src/stm32f4xx_it.c **** void SysTick_Handler(void)
 183:Src/stm32f4xx_it.c **** {
 192              		.loc 1 183 0
 193              		.cfi_startproc
 194              		@ args = 0, pretend = 0, frame = 0
 195              		@ frame_needed = 0, uses_anonymous_args = 0
 196 0000 10B5     		push	{r4, lr}
 197              	.LCFI0:
 198              		.cfi_def_cfa_offset 8
 199              		.cfi_offset 4, -8
 200              		.cfi_offset 14, -4
 184:Src/stm32f4xx_it.c ****   /* USER CODE BEGIN SysTick_IRQn 0 */
 185:Src/stm32f4xx_it.c **** 
 186:Src/stm32f4xx_it.c ****   /* USER CODE END SysTick_IRQn 0 */
 187:Src/stm32f4xx_it.c ****   HAL_IncTick();
 201              		.loc 1 187 0
 202 0002 FFF7FEFF 		bl	HAL_IncTick
 203              	.LVL0:
 188:Src/stm32f4xx_it.c ****   HAL_SYSTICK_IRQHandler();
 204              		.loc 1 188 0
 205 0006 FFF7FEFF 		bl	HAL_SYSTICK_IRQHandler
 206              	.LVL1:
 189:Src/stm32f4xx_it.c ****   /* USER CODE BEGIN SysTick_IRQn 1 */
 190:Src/stm32f4xx_it.c ****   Update_gyro(flag.gyro_calc);
 207              		.loc 1 190 0
 208 000a 3A4C     		ldr	r4, .L27
 209 000c 2078     		ldrb	r0, [r4]	@ zero_extendqisi2
 210 000e FFF7FEFF 		bl	Update_gyro
 211              	.LVL2:
 191:Src/stm32f4xx_it.c ****   update_encoder();
 212              		.loc 1 191 0
 213 0012 FFF7FEFF 		bl	update_encoder
 214              	.LVL3:
 192:Src/stm32f4xx_it.c ****   update_batt_date();
 215              		.loc 1 192 0
 216 0016 FFF7FEFF 		bl	update_batt_date
 217              	.LVL4:
 193:Src/stm32f4xx_it.c **** 
 194:Src/stm32f4xx_it.c ****   sensor.dif_l = sensor.adc[2] - sensor.befor_l;
 218              		.loc 1 194 0
 219 001a 374B     		ldr	r3, .L27+4
 220 001c 998A     		ldrh	r1, [r3, #20]
 221 001e 1A8D     		ldrh	r2, [r3, #40]
 222 0020 8A1A     		subs	r2, r1, r2
ARM GAS  C:\Users\kotaro\AppData\Local\Temp\ccWSZ4pk.s 			page 8


 223 0022 9A85     		strh	r2, [r3, #44]	@ movhi
 195:Src/stm32f4xx_it.c ****   sensor.befor_l=sensor.adc[2];
 224              		.loc 1 195 0
 225 0024 1985     		strh	r1, [r3, #40]	@ movhi
 196:Src/stm32f4xx_it.c **** 
 197:Src/stm32f4xx_it.c ****   sensor.dif_r = sensor.adc[1] - sensor.befor_r;
 226              		.loc 1 197 0
 227 0026 598A     		ldrh	r1, [r3, #18]
 228 0028 5A8D     		ldrh	r2, [r3, #42]
 229 002a 8A1A     		subs	r2, r1, r2
 230 002c DA85     		strh	r2, [r3, #46]	@ movhi
 198:Src/stm32f4xx_it.c ****   sensor.befor_r=sensor.adc[1];
 231              		.loc 1 198 0
 232 002e 5985     		strh	r1, [r3, #42]	@ movhi
 199:Src/stm32f4xx_it.c **** 
 200:Src/stm32f4xx_it.c ****   if(flag.straight == ON){
 233              		.loc 1 200 0
 234 0030 6378     		ldrb	r3, [r4, #1]	@ zero_extendqisi2
 235 0032 DBB2     		uxtb	r3, r3
 236 0034 012B     		cmp	r3, #1
 237 0036 32D0     		beq	.L23
 201:Src/stm32f4xx_it.c ****     Straight_SysTic_fb();
 202:Src/stm32f4xx_it.c ****   }else{
 203:Src/stm32f4xx_it.c ****     straight_cnt = 0;
 238              		.loc 1 203 0
 239 0038 0023     		movs	r3, #0
 240 003a 304A     		ldr	r2, .L27+8
 241 003c 1380     		strh	r3, [r2]	@ movhi
 204:Src/stm32f4xx_it.c ****     straight_pid_l = 0;
 242              		.loc 1 204 0
 243 003e 304A     		ldr	r2, .L27+12
 244 0040 1380     		strh	r3, [r2]	@ movhi
 205:Src/stm32f4xx_it.c ****     straight_pid_r = 0;
 245              		.loc 1 205 0
 246 0042 304A     		ldr	r2, .L27+16
 247 0044 1380     		strh	r3, [r2]	@ movhi
 206:Src/stm32f4xx_it.c ****     s_sum_l=0;
 248              		.loc 1 206 0
 249 0046 0023     		movs	r3, #0
 250 0048 2F4A     		ldr	r2, .L27+20
 251 004a 1360     		str	r3, [r2]	@ float
 207:Src/stm32f4xx_it.c ****     s_sum_r=0;
 252              		.loc 1 207 0
 253 004c 2F4A     		ldr	r2, .L27+24
 254 004e 1360     		str	r3, [r2]	@ float
 208:Src/stm32f4xx_it.c ****     enc.old_l=0;
 255              		.loc 1 208 0
 256 0050 2F4A     		ldr	r2, .L27+28
 257 0052 5362     		str	r3, [r2, #36]	@ float
 209:Src/stm32f4xx_it.c ****     enc.old_r=0;
 258              		.loc 1 209 0
 259 0054 9362     		str	r3, [r2, #40]	@ float
 260              	.L15:
 210:Src/stm32f4xx_it.c ****   }
 211:Src/stm32f4xx_it.c **** 
 212:Src/stm32f4xx_it.c **** 
 213:Src/stm32f4xx_it.c ****   if(flag.yawrate == ON){
ARM GAS  C:\Users\kotaro\AppData\Local\Temp\ccWSZ4pk.s 			page 9


 261              		.loc 1 213 0
 262 0056 274B     		ldr	r3, .L27
 263 0058 9B78     		ldrb	r3, [r3, #2]	@ zero_extendqisi2
 264 005a DBB2     		uxtb	r3, r3
 265 005c 012B     		cmp	r3, #1
 266 005e 21D0     		beq	.L24
 214:Src/stm32f4xx_it.c ****     Yawrate_SysTic_fb();
 215:Src/stm32f4xx_it.c ****     loger.target_y_velocity[yawrate_cnt]=calc.yawrate_velocity;
 216:Src/stm32f4xx_it.c ****     loger.velocity_c[yawrate_cnt]=enc.velocity_c;
 217:Src/stm32f4xx_it.c ****     loger.y_velocity[yawrate_cnt]=gyro.velocity;
 218:Src/stm32f4xx_it.c ****   }else{
 219:Src/stm32f4xx_it.c ****     yawrate_cnt = 0;
 267              		.loc 1 219 0
 268 0060 0023     		movs	r3, #0
 269 0062 2C4A     		ldr	r2, .L27+32
 270 0064 1380     		strh	r3, [r2]	@ movhi
 220:Src/stm32f4xx_it.c ****     yawrate_pid = 0;
 271              		.loc 1 220 0
 272 0066 2C4A     		ldr	r2, .L27+36
 273 0068 1380     		strh	r3, [r2]	@ movhi
 221:Src/stm32f4xx_it.c ****     y_sum=0;
 274              		.loc 1 221 0
 275 006a 0023     		movs	r3, #0
 276 006c 2B4A     		ldr	r2, .L27+40
 277 006e 1360     		str	r3, [r2]	@ float
 222:Src/stm32f4xx_it.c ****     gyro.befor=0;
 278              		.loc 1 222 0
 279 0070 2B4A     		ldr	r2, .L27+44
 280 0072 9360     		str	r3, [r2, #8]	@ float
 281              	.L17:
 223:Src/stm32f4xx_it.c ****   }
 224:Src/stm32f4xx_it.c **** 
 225:Src/stm32f4xx_it.c ****   if(flag.wall==ON){
 282              		.loc 1 225 0
 283 0074 1F4B     		ldr	r3, .L27
 284 0076 DB7A     		ldrb	r3, [r3, #11]	@ zero_extendqisi2
 285 0078 DBB2     		uxtb	r3, r3
 286 007a 012B     		cmp	r3, #1
 287 007c 34D0     		beq	.L25
 226:Src/stm32f4xx_it.c ****     Control_Wall();
 227:Src/stm32f4xx_it.c ****   }else{
 228:Src/stm32f4xx_it.c ****     wall_pid=0;
 288              		.loc 1 228 0
 289 007e 294B     		ldr	r3, .L27+48
 290 0080 0022     		movs	r2, #0
 291 0082 1A80     		strh	r2, [r3]	@ movhi
 292              	.L19:
 229:Src/stm32f4xx_it.c ****   }
 230:Src/stm32f4xx_it.c ****   if(flag.fr_wall==ON){
 293              		.loc 1 230 0
 294 0084 1B4B     		ldr	r3, .L27
 295 0086 1B7B     		ldrb	r3, [r3, #12]	@ zero_extendqisi2
 296 0088 DBB2     		uxtb	r3, r3
 297 008a 012B     		cmp	r3, #1
 298 008c 2FD0     		beq	.L26
 231:Src/stm32f4xx_it.c ****     Front_Wall_Control();
 232:Src/stm32f4xx_it.c ****   }else{
ARM GAS  C:\Users\kotaro\AppData\Local\Temp\ccWSZ4pk.s 			page 10


 233:Src/stm32f4xx_it.c ****     fr_wall_pid_l=0;
 299              		.loc 1 233 0
 300 008e 0023     		movs	r3, #0
 301 0090 254A     		ldr	r2, .L27+52
 302 0092 1380     		strh	r3, [r2]	@ movhi
 234:Src/stm32f4xx_it.c ****     fr_wall_pid_r=0;
 303              		.loc 1 234 0
 304 0094 254A     		ldr	r2, .L27+56
 305 0096 1380     		strh	r3, [r2]	@ movhi
 306              	.L21:
 235:Src/stm32f4xx_it.c ****   }
 236:Src/stm32f4xx_it.c **** 
 237:Src/stm32f4xx_it.c ****   Control_pwm();
 307              		.loc 1 237 0
 308 0098 FFF7FEFF 		bl	Control_pwm
 309              	.LVL5:
 238:Src/stm32f4xx_it.c ****   /* USER CODE END SysTick_IRQn 1 */
 239:Src/stm32f4xx_it.c **** }
 310              		.loc 1 239 0
 311 009c 10BD     		pop	{r4, pc}
 312              	.L23:
 201:Src/stm32f4xx_it.c ****   }else{
 313              		.loc 1 201 0
 314 009e FFF7FEFF 		bl	Straight_SysTic_fb
 315              	.LVL6:
 316 00a2 D8E7     		b	.L15
 317              	.L24:
 214:Src/stm32f4xx_it.c ****     loger.target_y_velocity[yawrate_cnt]=calc.yawrate_velocity;
 318              		.loc 1 214 0
 319 00a4 FFF7FEFF 		bl	Yawrate_SysTic_fb
 320              	.LVL7:
 215:Src/stm32f4xx_it.c ****     loger.velocity_c[yawrate_cnt]=enc.velocity_c;
 321              		.loc 1 215 0
 322 00a8 214B     		ldr	r3, .L27+60
 323 00aa B3F90C30 		ldrsh	r3, [r3, #12]
 324 00ae 07EE903A 		vmov	s15, r3	@ int
 325 00b2 184B     		ldr	r3, .L27+32
 326 00b4 1B88     		ldrh	r3, [r3]
 327 00b6 1F4A     		ldr	r2, .L27+64
 328 00b8 03F5FA61 		add	r1, r3, #2000
 329 00bc 02EB8101 		add	r1, r2, r1, lsl #2
 330 00c0 F8EEE77A 		vcvt.f32.s32	s15, s15
 331 00c4 C1ED007A 		vstr.32	s15, [r1]
 216:Src/stm32f4xx_it.c ****     loger.y_velocity[yawrate_cnt]=gyro.velocity;
 332              		.loc 1 216 0
 333 00c8 1149     		ldr	r1, .L27+28
 334 00ca 8869     		ldr	r0, [r1, #24]	@ float
 335 00cc 03F57A61 		add	r1, r3, #4000
 336 00d0 02EB8101 		add	r1, r2, r1, lsl #2
 337 00d4 0860     		str	r0, [r1]	@ float
 217:Src/stm32f4xx_it.c ****   }else{
 338              		.loc 1 217 0
 339 00d6 1249     		ldr	r1, .L27+44
 340 00d8 0969     		ldr	r1, [r1, #16]	@ float
 341 00da 03F5BB53 		add	r3, r3, #5984
 342 00de 1033     		adds	r3, r3, #16
 343 00e0 02EB8303 		add	r3, r2, r3, lsl #2
ARM GAS  C:\Users\kotaro\AppData\Local\Temp\ccWSZ4pk.s 			page 11


 344 00e4 1960     		str	r1, [r3]	@ float
 345 00e6 C5E7     		b	.L17
 346              	.L25:
 226:Src/stm32f4xx_it.c ****   }else{
 347              		.loc 1 226 0
 348 00e8 FFF7FEFF 		bl	Control_Wall
 349              	.LVL8:
 350 00ec CAE7     		b	.L19
 351              	.L26:
 231:Src/stm32f4xx_it.c ****   }else{
 352              		.loc 1 231 0
 353 00ee FFF7FEFF 		bl	Front_Wall_Control
 354              	.LVL9:
 355 00f2 D1E7     		b	.L21
 356              	.L28:
 357              		.align	2
 358              	.L27:
 359 00f4 00000000 		.word	flag
 360 00f8 00000000 		.word	sensor
 361 00fc 00000000 		.word	straight_cnt
 362 0100 00000000 		.word	straight_pid_l
 363 0104 00000000 		.word	straight_pid_r
 364 0108 00000000 		.word	s_sum_l
 365 010c 00000000 		.word	s_sum_r
 366 0110 00000000 		.word	enc
 367 0114 00000000 		.word	yawrate_cnt
 368 0118 00000000 		.word	yawrate_pid
 369 011c 00000000 		.word	y_sum
 370 0120 00000000 		.word	gyro
 371 0124 00000000 		.word	wall_pid
 372 0128 00000000 		.word	fr_wall_pid_l
 373 012c 00000000 		.word	fr_wall_pid_r
 374 0130 00000000 		.word	calc
 375 0134 00000000 		.word	loger
 376              		.cfi_endproc
 377              	.LFE134:
 379              		.section	.text.TIM5_IRQHandler,"ax",%progbits
 380              		.align	1
 381              		.global	TIM5_IRQHandler
 382              		.syntax unified
 383              		.thumb
 384              		.thumb_func
 385              		.fpu fpv4-sp-d16
 387              	TIM5_IRQHandler:
 388              	.LFB135:
 240:Src/stm32f4xx_it.c **** 
 241:Src/stm32f4xx_it.c **** /******************************************************************************/
 242:Src/stm32f4xx_it.c **** /* STM32F4xx Peripheral Interrupt Handlers                                    */
 243:Src/stm32f4xx_it.c **** /* Add here the Interrupt Handlers for the used peripherals.                  */
 244:Src/stm32f4xx_it.c **** /* For the available peripheral interrupt handler names,                      */
 245:Src/stm32f4xx_it.c **** /* please refer to the startup file (startup_stm32f4xx.s).                    */
 246:Src/stm32f4xx_it.c **** /******************************************************************************/
 247:Src/stm32f4xx_it.c **** 
 248:Src/stm32f4xx_it.c **** /**
 249:Src/stm32f4xx_it.c **** * @brief This function handles TIM5 global interrupt.
 250:Src/stm32f4xx_it.c **** */
 251:Src/stm32f4xx_it.c **** void TIM5_IRQHandler(void)
ARM GAS  C:\Users\kotaro\AppData\Local\Temp\ccWSZ4pk.s 			page 12


 252:Src/stm32f4xx_it.c **** {
 389              		.loc 1 252 0
 390              		.cfi_startproc
 391              		@ args = 0, pretend = 0, frame = 0
 392              		@ frame_needed = 0, uses_anonymous_args = 0
 393 0000 08B5     		push	{r3, lr}
 394              	.LCFI1:
 395              		.cfi_def_cfa_offset 8
 396              		.cfi_offset 3, -8
 397              		.cfi_offset 14, -4
 253:Src/stm32f4xx_it.c ****   /* USER CODE BEGIN TIM5_IRQn 0 */
 254:Src/stm32f4xx_it.c **** 
 255:Src/stm32f4xx_it.c ****   /* USER CODE END TIM5_IRQn 0 */
 256:Src/stm32f4xx_it.c ****   HAL_TIM_IRQHandler(&htim5);
 398              		.loc 1 256 0
 399 0002 1E48     		ldr	r0, .L43
 400 0004 FFF7FEFF 		bl	HAL_TIM_IRQHandler
 401              	.LVL10:
 257:Src/stm32f4xx_it.c ****   /* USER CODE BEGIN TIM5_IRQn 1 */
 258:Src/stm32f4xx_it.c ****   if(flag.ir_led==ON){
 402              		.loc 1 258 0
 403 0008 1D4B     		ldr	r3, .L43+4
 404 000a 5B79     		ldrb	r3, [r3, #5]	@ zero_extendqisi2
 405 000c DBB2     		uxtb	r3, r3
 406 000e 012B     		cmp	r3, #1
 407 0010 30D1     		bne	.L30
 259:Src/stm32f4xx_it.c ****     count_tim5++;
 408              		.loc 1 259 0
 409 0012 1C4A     		ldr	r2, .L43+8
 410 0014 1388     		ldrh	r3, [r2]
 411 0016 0133     		adds	r3, r3, #1
 412 0018 9BB2     		uxth	r3, r3
 413 001a 1380     		strh	r3, [r2]	@ movhi
 260:Src/stm32f4xx_it.c ****     switch(count_tim5){
 414              		.loc 1 260 0
 415 001c 013B     		subs	r3, r3, #1
 416 001e 072B     		cmp	r3, #7
 417 0020 24D8     		bhi	.L31
 418 0022 DFE803F0 		tbb	[pc, r3]
 419              	.L33:
 420 0026 04       		.byte	(.L32-.L33)/2
 421 0027 07       		.byte	(.L34-.L33)/2
 422 0028 0B       		.byte	(.L35-.L33)/2
 423 0029 10       		.byte	(.L36-.L33)/2
 424 002a 13       		.byte	(.L37-.L33)/2
 425 002b 17       		.byte	(.L38-.L33)/2
 426 002c 1A       		.byte	(.L39-.L33)/2
 427 002d 1D       		.byte	(.L40-.L33)/2
 428              		.p2align 1
 429              	.L32:
 261:Src/stm32f4xx_it.c ****       case 1:
 262:Src/stm32f4xx_it.c ****         update_side_sen_off();
 430              		.loc 1 262 0
 431 002e FFF7FEFF 		bl	update_side_sen_off
 432              	.LVL11:
 263:Src/stm32f4xx_it.c ****         break;
 433              		.loc 1 263 0
ARM GAS  C:\Users\kotaro\AppData\Local\Temp\ccWSZ4pk.s 			page 13


 434 0032 21E0     		b	.L29
 435              	.L34:
 264:Src/stm32f4xx_it.c ****       case 2:
 265:Src/stm32f4xx_it.c ****         IR_Contoroll(0b0110);
 436              		.loc 1 265 0
 437 0034 0620     		movs	r0, #6
 438 0036 FFF7FEFF 		bl	IR_Contoroll
 439              	.LVL12:
 266:Src/stm32f4xx_it.c ****         break;
 440              		.loc 1 266 0
 441 003a 1DE0     		b	.L29
 442              	.L35:
 267:Src/stm32f4xx_it.c ****       case 3:
 268:Src/stm32f4xx_it.c ****         update_side_sen_on();
 443              		.loc 1 268 0
 444 003c FFF7FEFF 		bl	update_side_sen_on
 445              	.LVL13:
 269:Src/stm32f4xx_it.c ****         All_IR_OFF();
 446              		.loc 1 269 0
 447 0040 FFF7FEFF 		bl	All_IR_OFF
 448              	.LVL14:
 270:Src/stm32f4xx_it.c ****         break;
 449              		.loc 1 270 0
 450 0044 18E0     		b	.L29
 451              	.L36:
 271:Src/stm32f4xx_it.c ****       case 4:
 272:Src/stm32f4xx_it.c ****         update_fr_sen_off();
 452              		.loc 1 272 0
 453 0046 FFF7FEFF 		bl	update_fr_sen_off
 454              	.LVL15:
 273:Src/stm32f4xx_it.c ****         break;
 455              		.loc 1 273 0
 456 004a 15E0     		b	.L29
 457              	.L37:
 274:Src/stm32f4xx_it.c ****       case 5:
 275:Src/stm32f4xx_it.c ****         IR_Contoroll(0b1001);
 458              		.loc 1 275 0
 459 004c 0920     		movs	r0, #9
 460 004e FFF7FEFF 		bl	IR_Contoroll
 461              	.LVL16:
 276:Src/stm32f4xx_it.c ****         break;
 462              		.loc 1 276 0
 463 0052 11E0     		b	.L29
 464              	.L38:
 277:Src/stm32f4xx_it.c ****       case 6:
 278:Src/stm32f4xx_it.c ****         update_fr_sen_on();
 465              		.loc 1 278 0
 466 0054 FFF7FEFF 		bl	update_fr_sen_on
 467              	.LVL17:
 279:Src/stm32f4xx_it.c ****         break;
 468              		.loc 1 279 0
 469 0058 0EE0     		b	.L29
 470              	.L39:
 280:Src/stm32f4xx_it.c ****       case 7:
 281:Src/stm32f4xx_it.c ****         All_IR_OFF();
 471              		.loc 1 281 0
 472 005a FFF7FEFF 		bl	All_IR_OFF
ARM GAS  C:\Users\kotaro\AppData\Local\Temp\ccWSZ4pk.s 			page 14


 473              	.LVL18:
 282:Src/stm32f4xx_it.c ****         break;
 474              		.loc 1 282 0
 475 005e 0BE0     		b	.L29
 476              	.L40:
 283:Src/stm32f4xx_it.c ****       case 8:
 284:Src/stm32f4xx_it.c ****         update_wall();
 477              		.loc 1 284 0
 478 0060 FFF7FEFF 		bl	update_wall
 479              	.LVL19:
 285:Src/stm32f4xx_it.c ****         count_tim5 = 0;
 480              		.loc 1 285 0
 481 0064 074B     		ldr	r3, .L43+8
 482 0066 0022     		movs	r2, #0
 483 0068 1A80     		strh	r2, [r3]	@ movhi
 286:Src/stm32f4xx_it.c ****         break;
 484              		.loc 1 286 0
 485 006a 05E0     		b	.L29
 486              	.L31:
 287:Src/stm32f4xx_it.c ****       default:
 288:Src/stm32f4xx_it.c ****         count_tim5 = 0;
 487              		.loc 1 288 0
 488 006c 054B     		ldr	r3, .L43+8
 489 006e 0022     		movs	r2, #0
 490 0070 1A80     		strh	r2, [r3]	@ movhi
 289:Src/stm32f4xx_it.c ****         break;
 491              		.loc 1 289 0
 492 0072 01E0     		b	.L29
 493              	.L30:
 290:Src/stm32f4xx_it.c ****     }
 291:Src/stm32f4xx_it.c ****   }else{
 292:Src/stm32f4xx_it.c ****     All_IR_OFF();
 494              		.loc 1 292 0
 495 0074 FFF7FEFF 		bl	All_IR_OFF
 496              	.LVL20:
 497              	.L29:
 293:Src/stm32f4xx_it.c ****   }
 294:Src/stm32f4xx_it.c ****   /* USER CODE END TIM5_IRQn 1 */
 295:Src/stm32f4xx_it.c **** }
 498              		.loc 1 295 0
 499 0078 08BD     		pop	{r3, pc}
 500              	.L44:
 501 007a 00BF     		.align	2
 502              	.L43:
 503 007c 00000000 		.word	htim5
 504 0080 00000000 		.word	flag
 505 0084 00000000 		.word	count_tim5
 506              		.cfi_endproc
 507              	.LFE135:
 509              		.comm	straight_dir,1,1
 510              		.comm	fr_wall_pid_r,2,2
 511              		.comm	fr_wall_pid_l,2,2
 512              		.comm	wall_pid,2,2
 513              		.comm	yawrate_pid,2,2
 514              		.comm	straight_pid_r,2,2
 515              		.comm	straight_pid_l,2,2
 516              		.comm	w_befor,4,4
ARM GAS  C:\Users\kotaro\AppData\Local\Temp\ccWSZ4pk.s 			page 15


 517              		.comm	w_sum,4,4
 518              		.comm	y_sumsum,4,4
 519              		.comm	y_sum,4,4
 520              		.comm	s_sum_r,4,4
 521              		.comm	s_sum_l,4,4
 522              		.text
 523              	.Letext0:
 524              		.file 2 "c:\\program files (x86)\\gnu tools arm embedded\\7 2017-q4-major\\arm-none-eabi\\include\
 525              		.file 3 "c:\\program files (x86)\\gnu tools arm embedded\\7 2017-q4-major\\arm-none-eabi\\include\
 526              		.file 4 "Drivers/CMSIS/Include/core_cm4.h"
 527              		.file 5 "Drivers/CMSIS/Device/ST/STM32F4xx/Include/system_stm32f4xx.h"
 528              		.file 6 "Drivers/CMSIS/Device/ST/STM32F4xx/Include/stm32f405xx.h"
 529              		.file 7 "c:\\program files (x86)\\gnu tools arm embedded\\7 2017-q4-major\\arm-none-eabi\\include\
 530              		.file 8 "c:\\program files (x86)\\gnu tools arm embedded\\7 2017-q4-major\\arm-none-eabi\\include\
 531              		.file 9 "c:\\program files (x86)\\gnu tools arm embedded\\7 2017-q4-major\\lib\\gcc\\arm-none-eabi
 532              		.file 10 "c:\\program files (x86)\\gnu tools arm embedded\\7 2017-q4-major\\arm-none-eabi\\include
 533              		.file 11 "Drivers/STM32F4xx_HAL_Driver/Inc/stm32f4xx_hal_def.h"
 534              		.file 12 "Drivers/STM32F4xx_HAL_Driver/Inc/stm32f4xx_hal_dma.h"
 535              		.file 13 "Drivers/STM32F4xx_HAL_Driver/Inc/stm32f4xx_hal_adc.h"
 536              		.file 14 "Drivers/STM32F4xx_HAL_Driver/Inc/stm32f4xx_hal_spi.h"
 537              		.file 15 "Drivers/STM32F4xx_HAL_Driver/Inc/stm32f4xx_hal_tim.h"
 538              		.file 16 "Inc/adc.h"
 539              		.file 17 "Inc/spi.h"
 540              		.file 18 "Inc/tim.h"
 541              		.file 19 "Inc/global.h"
 542              		.file 20 "Inc/control.h"
 543              		.file 21 "Inc/gpio.h"
 544              		.file 22 "Drivers/STM32F4xx_HAL_Driver/Inc/stm32f4xx_hal.h"
 545              		.file 23 "Drivers/STM32F4xx_HAL_Driver/Inc/stm32f4xx_hal_cortex.h"
ARM GAS  C:\Users\kotaro\AppData\Local\Temp\ccWSZ4pk.s 			page 16


DEFINED SYMBOLS
                            *ABS*:00000000 stm32f4xx_it.c
C:\Users\kotaro\AppData\Local\Temp\ccWSZ4pk.s:18     .text.NMI_Handler:00000000 $t
C:\Users\kotaro\AppData\Local\Temp\ccWSZ4pk.s:25     .text.NMI_Handler:00000000 NMI_Handler
C:\Users\kotaro\AppData\Local\Temp\ccWSZ4pk.s:39     .text.HardFault_Handler:00000000 $t
C:\Users\kotaro\AppData\Local\Temp\ccWSZ4pk.s:46     .text.HardFault_Handler:00000000 HardFault_Handler
C:\Users\kotaro\AppData\Local\Temp\ccWSZ4pk.s:60     .text.MemManage_Handler:00000000 $t
C:\Users\kotaro\AppData\Local\Temp\ccWSZ4pk.s:67     .text.MemManage_Handler:00000000 MemManage_Handler
C:\Users\kotaro\AppData\Local\Temp\ccWSZ4pk.s:81     .text.BusFault_Handler:00000000 $t
C:\Users\kotaro\AppData\Local\Temp\ccWSZ4pk.s:88     .text.BusFault_Handler:00000000 BusFault_Handler
C:\Users\kotaro\AppData\Local\Temp\ccWSZ4pk.s:102    .text.UsageFault_Handler:00000000 $t
C:\Users\kotaro\AppData\Local\Temp\ccWSZ4pk.s:109    .text.UsageFault_Handler:00000000 UsageFault_Handler
C:\Users\kotaro\AppData\Local\Temp\ccWSZ4pk.s:123    .text.SVC_Handler:00000000 $t
C:\Users\kotaro\AppData\Local\Temp\ccWSZ4pk.s:130    .text.SVC_Handler:00000000 SVC_Handler
C:\Users\kotaro\AppData\Local\Temp\ccWSZ4pk.s:143    .text.DebugMon_Handler:00000000 $t
C:\Users\kotaro\AppData\Local\Temp\ccWSZ4pk.s:150    .text.DebugMon_Handler:00000000 DebugMon_Handler
C:\Users\kotaro\AppData\Local\Temp\ccWSZ4pk.s:163    .text.PendSV_Handler:00000000 $t
C:\Users\kotaro\AppData\Local\Temp\ccWSZ4pk.s:170    .text.PendSV_Handler:00000000 PendSV_Handler
C:\Users\kotaro\AppData\Local\Temp\ccWSZ4pk.s:183    .text.SysTick_Handler:00000000 $t
C:\Users\kotaro\AppData\Local\Temp\ccWSZ4pk.s:190    .text.SysTick_Handler:00000000 SysTick_Handler
C:\Users\kotaro\AppData\Local\Temp\ccWSZ4pk.s:359    .text.SysTick_Handler:000000f4 $d
                            *COM*:00000002 straight_pid_l
                            *COM*:00000002 straight_pid_r
                            *COM*:00000004 s_sum_l
                            *COM*:00000004 s_sum_r
                            *COM*:00000002 yawrate_pid
                            *COM*:00000004 y_sum
                            *COM*:00000002 wall_pid
                            *COM*:00000002 fr_wall_pid_l
                            *COM*:00000002 fr_wall_pid_r
C:\Users\kotaro\AppData\Local\Temp\ccWSZ4pk.s:380    .text.TIM5_IRQHandler:00000000 $t
C:\Users\kotaro\AppData\Local\Temp\ccWSZ4pk.s:387    .text.TIM5_IRQHandler:00000000 TIM5_IRQHandler
C:\Users\kotaro\AppData\Local\Temp\ccWSZ4pk.s:420    .text.TIM5_IRQHandler:00000026 $d
C:\Users\kotaro\AppData\Local\Temp\ccWSZ4pk.s:428    .text.TIM5_IRQHandler:0000002e $t
C:\Users\kotaro\AppData\Local\Temp\ccWSZ4pk.s:503    .text.TIM5_IRQHandler:0000007c $d
                            *COM*:00000001 straight_dir
                            *COM*:00000004 w_befor
                            *COM*:00000004 w_sum
                            *COM*:00000004 y_sumsum

UNDEFINED SYMBOLS
HAL_IncTick
HAL_SYSTICK_IRQHandler
Update_gyro
update_encoder
update_batt_date
Control_pwm
Straight_SysTic_fb
Yawrate_SysTic_fb
Control_Wall
Front_Wall_Control
flag
sensor
straight_cnt
enc
yawrate_cnt
gyro
ARM GAS  C:\Users\kotaro\AppData\Local\Temp\ccWSZ4pk.s 			page 17


calc
loger
HAL_TIM_IRQHandler
update_side_sen_off
IR_Contoroll
update_side_sen_on
All_IR_OFF
update_fr_sen_off
update_fr_sen_on
update_wall
htim5
count_tim5
